
{"timestamp": "22-02-2024|06:22:05|144748Z", "level": "INFO", "module": "autoreload", "message": "C:\\Users\\RysukAO\\PycharmProjects\\intra\\intra_services\\loader\\tools\\logic.py changed, reloading."}
{"timestamp": "22-02-2024|06:22:05|505712Z", "level": "INFO", "module": "autoreload", "message": "C:\\Users\\RysukAO\\PycharmProjects\\intra\\intra_services\\loader\\tools\\for_save_to_db.py changed, reloading."}
{"timestamp": "22-02-2024|06:22:11|013161Z", "level": "INFO", "module": "autoreload", "message": "Watching for file changes with StatReloader"}
{"timestamp": "22-02-2024|06:22:11|019161Z", "level": "INFO", "module": "autoreload", "message": "Watching for file changes with StatReloader"}
{"timestamp": "22-02-2024|06:22:13|979865Z", "level": "INFO", "module": "autoreload", "message": "Watching for file changes with StatReloader"}
{"timestamp": "22-02-2024|06:22:27|987464Z", "level": "WARNING", "module": "tasks", "message": "\u041a\u0430\u043a \u0442\u043e \u043e\u0442\u043f\u0440\u0430\u0432\u0438\u0442\u044c \u043f\u043e\u043b\u0443\u0447\u0430\u0442\u0435\u043b\u044e, \u0447\u0442\u043e \u043d\u0438\u0447\u0435\u0433\u043e \u043d\u0435 \u0432\u044b\u0448\u043b\u043e "}
{"timestamp": "22-02-2024|06:25:15|600701Z", "level": "INFO", "module": "autoreload", "message": "C:\\Users\\RysukAO\\PycharmProjects\\intra\\intra_services\\loader\\tools\\for_save_to_db.py changed, reloading."}
{"timestamp": "22-02-2024|06:25:15|968664Z", "level": "INFO", "module": "autoreload", "message": "C:\\Users\\RysukAO\\PycharmProjects\\intra\\intra_services\\loader\\tools\\for_save_to_db.py changed, reloading."}
{"timestamp": "22-02-2024|06:25:16|267634Z", "level": "INFO", "module": "autoreload", "message": "C:\\Users\\RysukAO\\PycharmProjects\\intra\\intra_services\\loader\\tools\\for_save_to_db.py changed, reloading."}
{"timestamp": "22-02-2024|06:25:20|261235Z", "level": "INFO", "module": "autoreload", "message": "Watching for file changes with StatReloader"}
{"timestamp": "22-02-2024|06:25:20|359225Z", "level": "INFO", "module": "autoreload", "message": "Watching for file changes with StatReloader"}
{"timestamp": "22-02-2024|06:25:20|949166Z", "level": "INFO", "module": "autoreload", "message": "Watching for file changes with StatReloader"}
{"timestamp": "22-02-2024|06:30:42|534433Z", "level": "INFO", "module": "autoreload", "message": "C:\\Users\\RysukAO\\PycharmProjects\\intra\\intra_services\\loader\\tools\\for_save_to_db.py changed, reloading."}
{"timestamp": "22-02-2024|06:30:43|258433Z", "level": "INFO", "module": "autoreload", "message": "C:\\Users\\RysukAO\\PycharmProjects\\intra\\intra_services\\loader\\tools\\for_save_to_db.py changed, reloading."}
{"timestamp": "22-02-2024|06:30:48|595433Z", "level": "INFO", "module": "autoreload", "message": "Watching for file changes with StatReloader"}
{"timestamp": "22-02-2024|06:30:48|980433Z", "level": "INFO", "module": "autoreload", "message": "Watching for file changes with StatReloader"}
{"timestamp": "22-02-2024|06:30:50|573433Z", "level": "INFO", "module": "autoreload", "message": "Watching for file changes with StatReloader"}
{"timestamp": "22-02-2024|06:31:11|215433Z", "level": "WARNING", "module": "tasks", "message": "\u041a\u0430\u043a \u0442\u043e \u043e\u0442\u043f\u0440\u0430\u0432\u0438\u0442\u044c \u043f\u043e\u043b\u0443\u0447\u0430\u0442\u0435\u043b\u044e, \u0447\u0442\u043e \u043d\u0438\u0447\u0435\u0433\u043e \u043d\u0435 \u0432\u044b\u0448\u043b\u043e "}
{"timestamp": "22-02-2024|06:32:06|332433Z", "level": "INFO", "module": "autoreload", "message": "C:\\Users\\RysukAO\\PycharmProjects\\intra\\intra_services\\intra_services\\settings.py changed, reloading."}
{"timestamp": "22-02-2024|06:32:07|253433Z", "level": "INFO", "module": "autoreload", "message": "C:\\Users\\RysukAO\\PycharmProjects\\intra\\intra_services\\intra_services\\settings.py changed, reloading."}
{"timestamp": "22-02-2024|06:32:10|765433Z", "level": "INFO", "module": "autoreload", "message": "Watching for file changes with StatReloader"}
{"timestamp": "22-02-2024|06:32:10|772433Z", "level": "INFO", "module": "autoreload", "message": "Watching for file changes with StatReloader"}
{"timestamp": "22-02-2024|06:32:12|305433Z", "level": "INFO", "module": "autoreload", "message": "Watching for file changes with StatReloader"}
{"timestamp": "22-02-2024|06:32:33|902433Z", "level": "WARNING", "module": "tasks", "message": "\u041a\u0430\u043a \u0442\u043e \u043e\u0442\u043f\u0440\u0430\u0432\u0438\u0442\u044c \u043f\u043e\u043b\u0443\u0447\u0430\u0442\u0435\u043b\u044e, \u0447\u0442\u043e \u043d\u0438\u0447\u0435\u0433\u043e \u043d\u0435 \u0432\u044b\u0448\u043b\u043e "}
{"timestamp": "22-02-2024|06:40:36|860433Z", "level": "INFO", "module": "autoreload", "message": "C:\\Users\\RysukAO\\PycharmProjects\\intra\\intra_services\\intra_services\\settings.py changed, reloading."}
{"timestamp": "22-02-2024|06:40:37|690433Z", "level": "INFO", "module": "autoreload", "message": "C:\\Users\\RysukAO\\PycharmProjects\\intra\\intra_services\\loader\\tasks.py changed, reloading."}
{"timestamp": "22-02-2024|06:40:42|412433Z", "level": "INFO", "module": "autoreload", "message": "Watching for file changes with StatReloader"}
{"timestamp": "22-02-2024|06:40:43|058433Z", "level": "INFO", "module": "autoreload", "message": "Watching for file changes with StatReloader"}
{"timestamp": "22-02-2024|06:40:47|063433Z", "level": "INFO", "module": "autoreload", "message": "Watching for file changes with StatReloader"}
{"exc_info": "Traceback (most recent call last):\n  File \"C:\\Users\\RysukAO\\PycharmProjects\\intra\\intra_services\\loader\\tasks.py\", line 15, in entry_to_db_task\n    entry_to_db(router_data, N=10, similar_batch_size=999)\n  File \"C:\\Users\\RysukAO\\PycharmProjects\\intra\\intra_services\\loader\\tools\\for_save_to_db.py\", line 82, in entry_to_db\n    objects_to_create(data_dict)    # \u0437\u0430\u043f\u0438\u0441\u044b\u0432\u0430\u0435\u043c \u0432 \u0431\u0434 \u0432 \u043a\u043e\u043d\u0446\u0435 \u043a\u0430\u0436\u0434\u043e\u0439 \u0438\u0442\u0435\u0440\u0430\u0446\u0438\u0438 while\n  File \"C:\\Users\\RysukAO\\PycharmProjects\\intra\\intra_services\\loader\\tools\\for_save_to_db.py\", line 93, in objects_to_create\n    model.objects.bulk_create(objects)\n  File \"C:\\Users\\RysukAO\\AppData\\Local\\Programs\\Python\\Python38\\lib\\site-packages\\django\\db\\models\\manager.py\", line 87, in manager_method\n    return getattr(self.get_queryset(), name)(*args, **kwargs)\n  File \"C:\\Users\\RysukAO\\AppData\\Local\\Programs\\Python\\Python38\\lib\\site-packages\\django\\db\\models\\query.py\", line 816, in bulk_create\n    assert len(returned_columns) == len(objs_without_pk)\nAssertionError", "timestamp": "22-02-2024|06:41:00|962433Z", "level": "WARNING", "module": "tasks", "message": "\u041a\u0430\u043a \u0442\u043e \u043e\u0442\u043f\u0440\u0430\u0432\u0438\u0442\u044c \u043f\u043e\u043b\u0443\u0447\u0430\u0442\u0435\u043b\u044e, \u0447\u0442\u043e \u043d\u0438\u0447\u0435\u0433\u043e \u043d\u0435 \u0432\u044b\u0448\u043b\u043e"}
{"timestamp": "22-02-2024|06:41:37|925433Z", "level": "INFO", "module": "autoreload", "message": "C:\\Users\\RysukAO\\PycharmProjects\\intra\\intra_services\\intra_services\\settings.py changed, reloading."}
{"timestamp": "22-02-2024|06:41:38|586433Z", "level": "INFO", "module": "autoreload", "message": "C:\\Users\\RysukAO\\PycharmProjects\\intra\\intra_services\\intra_services\\settings.py changed, reloading."}
{"timestamp": "22-02-2024|06:41:38|831433Z", "level": "INFO", "module": "autoreload", "message": "C:\\Users\\RysukAO\\PycharmProjects\\intra\\intra_services\\intra_services\\settings.py changed, reloading."}
{"timestamp": "22-02-2024|06:41:42|995433Z", "level": "INFO", "module": "autoreload", "message": "Watching for file changes with StatReloader"}
{"timestamp": "22-02-2024|06:41:44|888433Z", "level": "INFO", "module": "autoreload", "message": "Watching for file changes with StatReloader"}
{"timestamp": "22-02-2024|06:41:48|817433Z", "level": "INFO", "module": "autoreload", "message": "Watching for file changes with StatReloader"}
{"exc_info": "Traceback (most recent call last):\n  File \"C:\\Users\\RysukAO\\PycharmProjects\\intra\\intra_services\\loader\\tasks.py\", line 15, in entry_to_db_task\n    entry_to_db(router_data, N=10, similar_batch_size=999)\n  File \"C:\\Users\\RysukAO\\PycharmProjects\\intra\\intra_services\\loader\\tools\\for_save_to_db.py\", line 82, in entry_to_db\n    objects_to_create(data_dict)    # \u0437\u0430\u043f\u0438\u0441\u044b\u0432\u0430\u0435\u043c \u0432 \u0431\u0434 \u0432 \u043a\u043e\u043d\u0446\u0435 \u043a\u0430\u0436\u0434\u043e\u0439 \u0438\u0442\u0435\u0440\u0430\u0446\u0438\u0438 while\n  File \"C:\\Users\\RysukAO\\PycharmProjects\\intra\\intra_services\\loader\\tools\\for_save_to_db.py\", line 93, in objects_to_create\n    model.objects.bulk_create(objects)\n  File \"C:\\Users\\RysukAO\\AppData\\Local\\Programs\\Python\\Python38\\lib\\site-packages\\django\\db\\models\\manager.py\", line 87, in manager_method\n    return getattr(self.get_queryset(), name)(*args, **kwargs)\n  File \"C:\\Users\\RysukAO\\AppData\\Local\\Programs\\Python\\Python38\\lib\\site-packages\\django\\db\\models\\query.py\", line 816, in bulk_create\n    assert len(returned_columns) == len(objs_without_pk)\nAssertionError", "timestamp": "22-02-2024|06:42:02|596433Z", "level": "WARNING", "module": "tasks", "message": "\u041a\u0430\u043a \u0442\u043e \u043e\u0442\u043f\u0440\u0430\u0432\u0438\u0442\u044c \u043f\u043e\u043b\u0443\u0447\u0430\u0442\u0435\u043b\u044e, \u0447\u0442\u043e \u043d\u0438\u0447\u0435\u0433\u043e \u043d\u0435 \u0432\u044b\u0448\u043b\u043e"}
{"timestamp": "22-02-2024|06:45:27|169457Z", "level": "INFO", "module": "autoreload", "message": "C:\\Users\\RysukAO\\PycharmProjects\\intra\\intra_services\\intra_services\\settings.py changed, reloading."}
{"timestamp": "22-02-2024|06:45:27|348475Z", "level": "INFO", "module": "autoreload", "message": "C:\\Users\\RysukAO\\PycharmProjects\\intra\\intra_services\\intra_services\\settings.py changed, reloading."}
{"timestamp": "22-02-2024|06:45:30|566796Z", "level": "INFO", "module": "autoreload", "message": "Watching for file changes with StatReloader"}
{"timestamp": "22-02-2024|06:45:30|577798Z", "level": "INFO", "module": "autoreload", "message": "Watching for file changes with StatReloader"}
{"timestamp": "22-02-2024|06:46:06|367376Z", "level": "INFO", "module": "autoreload", "message": "Watching for file changes with StatReloader"}
{"timestamp": "22-02-2024|06:46:29|866726Z", "level": "INFO", "module": "autoreload", "message": "C:\\Users\\RysukAO\\PycharmProjects\\intra\\intra_services\\loader\\models.py changed, reloading."}
{"timestamp": "22-02-2024|06:46:29|960735Z", "level": "INFO", "module": "autoreload", "message": "C:\\Users\\RysukAO\\PycharmProjects\\intra\\intra_services\\loader\\models.py changed, reloading."}
{"timestamp": "22-02-2024|06:46:30|998839Z", "level": "INFO", "module": "autoreload", "message": "C:\\Users\\RysukAO\\PycharmProjects\\intra\\intra_services\\loader\\models.py changed, reloading."}
{"timestamp": "22-02-2024|06:46:34|006140Z", "level": "INFO", "module": "autoreload", "message": "Watching for file changes with StatReloader"}
{"timestamp": "22-02-2024|06:46:34|133152Z", "level": "INFO", "module": "autoreload", "message": "Watching for file changes with StatReloader"}
{"timestamp": "22-02-2024|06:46:35|495289Z", "level": "INFO", "module": "autoreload", "message": "Watching for file changes with StatReloader"}
{"timestamp": "22-02-2024|06:47:30|436782Z", "level": "INFO", "module": "autoreload", "message": "C:\\Users\\RysukAO\\PycharmProjects\\intra\\intra_services\\loader\\models.py changed, reloading."}
{"timestamp": "22-02-2024|06:47:30|456784Z", "level": "INFO", "module": "autoreload", "message": "C:\\Users\\RysukAO\\PycharmProjects\\intra\\intra_services\\loader\\models.py changed, reloading."}
{"timestamp": "22-02-2024|06:47:30|779817Z", "level": "INFO", "module": "autoreload", "message": "C:\\Users\\RysukAO\\PycharmProjects\\intra\\intra_services\\loader\\models.py changed, reloading."}
{"timestamp": "22-02-2024|06:47:34|855224Z", "level": "INFO", "module": "autoreload", "message": "Watching for file changes with StatReloader"}
{"timestamp": "22-02-2024|06:47:36|479386Z", "level": "INFO", "module": "autoreload", "message": "Watching for file changes with StatReloader"}
{"timestamp": "22-02-2024|06:47:36|988437Z", "level": "INFO", "module": "autoreload", "message": "Watching for file changes with StatReloader"}
{"timestamp": "22-02-2024|06:51:01|021839Z", "level": "INFO", "module": "autoreload", "message": "C:\\Users\\RysukAO\\PycharmProjects\\intra\\intra_services\\loader\\models.py changed, reloading."}
{"timestamp": "22-02-2024|06:51:01|212858Z", "level": "INFO", "module": "autoreload", "message": "C:\\Users\\RysukAO\\PycharmProjects\\intra\\intra_services\\loader\\models.py changed, reloading."}
{"timestamp": "22-02-2024|06:51:01|590896Z", "level": "INFO", "module": "autoreload", "message": "C:\\Users\\RysukAO\\PycharmProjects\\intra\\intra_services\\loader\\models.py changed, reloading."}
{"timestamp": "22-02-2024|06:51:05|683305Z", "level": "INFO", "module": "autoreload", "message": "Watching for file changes with StatReloader"}
{"timestamp": "22-02-2024|06:51:05|758312Z", "level": "INFO", "module": "autoreload", "message": "Watching for file changes with StatReloader"}
{"timestamp": "22-02-2024|06:51:06|705407Z", "level": "INFO", "module": "autoreload", "message": "Watching for file changes with StatReloader"}
{"timestamp": "22-02-2024|06:58:33|790429Z", "level": "INFO", "module": "autoreload", "message": "C:\\Users\\RysukAO\\PycharmProjects\\intra\\intra_services\\loader\\models.py changed, reloading."}
{"timestamp": "22-02-2024|06:58:33|873429Z", "level": "INFO", "module": "autoreload", "message": "C:\\Users\\RysukAO\\PycharmProjects\\intra\\intra_services\\loader\\models.py changed, reloading."}
{"timestamp": "22-02-2024|06:58:38|492429Z", "level": "INFO", "module": "autoreload", "message": "Watching for file changes with StatReloader"}
{"timestamp": "22-02-2024|06:58:38|928429Z", "level": "INFO", "module": "autoreload", "message": "Watching for file changes with StatReloader"}
{"timestamp": "22-02-2024|06:58:41|725429Z", "level": "INFO", "module": "autoreload", "message": "Watching for file changes with StatReloader"}
{"timestamp": "22-02-2024|07:01:01|276429Z", "level": "INFO", "module": "autoreload", "message": "C:\\Users\\RysukAO\\PycharmProjects\\intra\\intra_services\\loader\\models.py changed, reloading."}
{"timestamp": "22-02-2024|07:01:01|334429Z", "level": "INFO", "module": "autoreload", "message": "C:\\Users\\RysukAO\\PycharmProjects\\intra\\intra_services\\loader\\models.py changed, reloading."}
{"timestamp": "22-02-2024|07:01:01|487429Z", "level": "INFO", "module": "autoreload", "message": "C:\\Users\\RysukAO\\PycharmProjects\\intra\\intra_services\\loader\\models.py changed, reloading."}
{"timestamp": "22-02-2024|07:01:04|983429Z", "level": "INFO", "module": "autoreload", "message": "Watching for file changes with StatReloader"}
{"timestamp": "22-02-2024|07:01:05|771429Z", "level": "INFO", "module": "autoreload", "message": "Watching for file changes with StatReloader"}
{"timestamp": "22-02-2024|07:01:05|801429Z", "level": "INFO", "module": "autoreload", "message": "Watching for file changes with StatReloader"}
{"timestamp": "22-02-2024|09:38:18|422117Z", "level": "INFO", "module": "autoreload", "message": "C:\\Users\\RysukAO\\PycharmProjects\\intra\\intra_services\\loader\\tools\\for_save_to_db.py changed, reloading."}
{"timestamp": "22-02-2024|09:38:19|543005Z", "level": "INFO", "module": "autoreload", "message": "C:\\Users\\RysukAO\\PycharmProjects\\intra\\intra_services\\loader\\tools\\for_save_to_db.py changed, reloading."}
{"timestamp": "22-02-2024|09:38:22|174742Z", "level": "INFO", "module": "autoreload", "message": "Watching for file changes with StatReloader"}
{"timestamp": "22-02-2024|09:38:23|826577Z", "level": "INFO", "module": "autoreload", "message": "Watching for file changes with StatReloader"}
{"timestamp": "22-02-2024|09:38:25|295430Z", "level": "INFO", "module": "autoreload", "message": "Watching for file changes with StatReloader"}
{"timestamp": "22-02-2024|09:39:56|684290Z", "level": "INFO", "module": "autoreload", "message": "C:\\Users\\RysukAO\\PycharmProjects\\intra\\intra_services\\loader\\tools\\for_save_to_db.py changed, reloading."}
{"timestamp": "22-02-2024|09:39:56|690290Z", "level": "INFO", "module": "autoreload", "message": "C:\\Users\\RysukAO\\PycharmProjects\\intra\\intra_services\\loader\\tools\\for_save_to_db.py changed, reloading."}
{"timestamp": "22-02-2024|09:40:00|179941Z", "level": "INFO", "module": "autoreload", "message": "Watching for file changes with StatReloader"}
{"timestamp": "22-02-2024|09:40:00|624896Z", "level": "INFO", "module": "autoreload", "message": "Watching for file changes with StatReloader"}
{"timestamp": "22-02-2024|09:40:03|669592Z", "level": "INFO", "module": "autoreload", "message": "Watching for file changes with StatReloader"}
{"exc_info": "Traceback (most recent call last):\n  File \"C:\\Users\\RysukAO\\PycharmProjects\\intra\\intra_services\\loader\\tasks.py\", line 15, in entry_to_db_task\n    entry_to_db(router_data, N=10, similar_batch_size=999)\n  File \"C:\\Users\\RysukAO\\PycharmProjects\\intra\\intra_services\\loader\\tools\\for_save_to_db.py\", line 71, in entry_to_db\n    items = next(generator)     # \u0438\u0442\u0435\u0440\u0430\u0446\u0438\u044f \u043f\u043e \u0433\u0435\u043d\u0435\u0440\u0430\u0442\u043e\u0440\u0443\n  File \"C:\\Users\\RysukAO\\PycharmProjects\\intra\\intra_services\\loader\\tools\\for_save_to_db.py\", line 42, in router\n    check_fields(model_fields, validator)\n  File \"C:\\Users\\RysukAO\\PycharmProjects\\intra\\intra_services\\loader\\tools\\for_save_to_db.py\", line 50, in check_fields\n    print(list(validator.model_fields_set))\nTypeError: 'property' object is not iterable", "timestamp": "22-02-2024|09:40:24|355523Z", "level": "WARNING", "module": "tasks", "message": "\u041a\u0430\u043a \u0442\u043e \u043e\u0442\u043f\u0440\u0430\u0432\u0438\u0442\u044c \u043f\u043e\u043b\u0443\u0447\u0430\u0442\u0435\u043b\u044e, \u0447\u0442\u043e \u043d\u0438\u0447\u0435\u0433\u043e \u043d\u0435 \u0432\u044b\u0448\u043b\u043e"}
{"timestamp": "22-02-2024|09:41:56|585714Z", "level": "INFO", "module": "autoreload", "message": "C:\\Users\\RysukAO\\PycharmProjects\\intra\\intra_services\\loader\\tools\\for_save_to_db.py changed, reloading."}
{"timestamp": "22-02-2024|09:41:56|867714Z", "level": "INFO", "module": "autoreload", "message": "C:\\Users\\RysukAO\\PycharmProjects\\intra\\intra_services\\loader\\tools\\for_save_to_db.py changed, reloading."}
{"timestamp": "22-02-2024|09:42:00|471714Z", "level": "INFO", "module": "autoreload", "message": "Watching for file changes with StatReloader"}
{"timestamp": "22-02-2024|09:42:01|402714Z", "level": "INFO", "module": "autoreload", "message": "Watching for file changes with StatReloader"}
{"timestamp": "22-02-2024|09:42:02|865714Z", "level": "INFO", "module": "autoreload", "message": "Watching for file changes with StatReloader"}
{"exc_info": "Traceback (most recent call last):\n  File \"C:\\Users\\RysukAO\\PycharmProjects\\intra\\intra_services\\loader\\tasks.py\", line 15, in entry_to_db_task\n    entry_to_db(router_data, N=10, similar_batch_size=999)\n  File \"C:\\Users\\RysukAO\\PycharmProjects\\intra\\intra_services\\loader\\tools\\for_save_to_db.py\", line 72, in entry_to_db\n    items = next(generator)     # \u0438\u0442\u0435\u0440\u0430\u0446\u0438\u044f \u043f\u043e \u0433\u0435\u043d\u0435\u0440\u0430\u0442\u043e\u0440\u0443\n  File \"C:\\Users\\RysukAO\\PycharmProjects\\intra\\intra_services\\loader\\tools\\for_save_to_db.py\", line 42, in router\n    check_fields(model_fields, validator)\n  File \"C:\\Users\\RysukAO\\PycharmProjects\\intra\\intra_services\\loader\\tools\\for_save_to_db.py\", line 50, in check_fields\n    for i in validator.model_fields_set:\nTypeError: 'property' object is not iterable", "timestamp": "22-02-2024|09:42:16|024714Z", "level": "WARNING", "module": "tasks", "message": "\u041a\u0430\u043a \u0442\u043e \u043e\u0442\u043f\u0440\u0430\u0432\u0438\u0442\u044c \u043f\u043e\u043b\u0443\u0447\u0430\u0442\u0435\u043b\u044e, \u0447\u0442\u043e \u043d\u0438\u0447\u0435\u0433\u043e \u043d\u0435 \u0432\u044b\u0448\u043b\u043e"}
{"timestamp": "22-02-2024|09:44:47|384714Z", "level": "INFO", "module": "autoreload", "message": "C:\\Users\\RysukAO\\PycharmProjects\\intra\\intra_services\\loader\\tools\\for_save_to_db.py changed, reloading."}
{"timestamp": "22-02-2024|09:44:47|573714Z", "level": "INFO", "module": "autoreload", "message": "C:\\Users\\RysukAO\\PycharmProjects\\intra\\intra_services\\loader\\tools\\for_save_to_db.py changed, reloading."}
{"timestamp": "22-02-2024|09:44:51|520714Z", "level": "INFO", "module": "autoreload", "message": "Watching for file changes with StatReloader"}
{"timestamp": "22-02-2024|09:44:52|195714Z", "level": "INFO", "module": "autoreload", "message": "Watching for file changes with StatReloader"}
{"timestamp": "22-02-2024|09:44:53|517714Z", "level": "INFO", "module": "autoreload", "message": "Watching for file changes with StatReloader"}
{"exc_info": "Traceback (most recent call last):\n  File \"C:\\Users\\RysukAO\\PycharmProjects\\intra\\intra_services\\loader\\tasks.py\", line 15, in entry_to_db_task\n    entry_to_db(router_data, N=10, similar_batch_size=999)\n  File \"C:\\Users\\RysukAO\\PycharmProjects\\intra\\intra_services\\loader\\tools\\for_save_to_db.py\", line 72, in entry_to_db\n    items = next(generator)     # \u0438\u0442\u0435\u0440\u0430\u0446\u0438\u044f \u043f\u043e \u0433\u0435\u043d\u0435\u0440\u0430\u0442\u043e\u0440\u0443\n  File \"C:\\Users\\RysukAO\\PycharmProjects\\intra\\intra_services\\loader\\tools\\for_save_to_db.py\", line 42, in router\n    check_fields(model_fields, validator)\n  File \"C:\\Users\\RysukAO\\PycharmProjects\\intra\\intra_services\\loader\\tools\\for_save_to_db.py\", line 51, in check_fields\n    print(list(validator.model_dump()))\nTypeError: model_dump() missing 1 required positional argument: 'self'", "timestamp": "22-02-2024|09:45:11|996714Z", "level": "WARNING", "module": "tasks", "message": "\u041a\u0430\u043a \u0442\u043e \u043e\u0442\u043f\u0440\u0430\u0432\u0438\u0442\u044c \u043f\u043e\u043b\u0443\u0447\u0430\u0442\u0435\u043b\u044e, \u0447\u0442\u043e \u043d\u0438\u0447\u0435\u0433\u043e \u043d\u0435 \u0432\u044b\u0448\u043b\u043e"}
{"timestamp": "22-02-2024|09:49:25|734714Z", "level": "INFO", "module": "autoreload", "message": "C:\\Users\\RysukAO\\PycharmProjects\\intra\\intra_services\\loader\\tools\\for_save_to_db.py changed, reloading."}
{"timestamp": "22-02-2024|09:49:26|346714Z", "level": "INFO", "module": "autoreload", "message": "C:\\Users\\RysukAO\\PycharmProjects\\intra\\intra_services\\loader\\tools\\for_save_to_db.py changed, reloading."}
{"timestamp": "22-02-2024|09:49:26|713714Z", "level": "INFO", "module": "autoreload", "message": "C:\\Users\\RysukAO\\PycharmProjects\\intra\\intra_services\\loader\\tools\\for_save_to_db.py changed, reloading."}
{"timestamp": "22-02-2024|09:49:31|290714Z", "level": "INFO", "module": "autoreload", "message": "Watching for file changes with StatReloader"}
{"timestamp": "22-02-2024|09:49:31|327714Z", "level": "INFO", "module": "autoreload", "message": "Watching for file changes with StatReloader"}
{"timestamp": "22-02-2024|09:49:31|430714Z", "level": "INFO", "module": "autoreload", "message": "Watching for file changes with StatReloader"}
{"timestamp": "22-02-2024|09:50:58|474714Z", "level": "INFO", "module": "autoreload", "message": "Watching for file changes with StatReloader"}
{"exc_info": "Traceback (most recent call last):\n  File \"C:\\Users\\RysukAO\\PycharmProjects\\intra\\intra_services\\loader\\tasks.py\", line 15, in entry_to_db_task\n    entry_to_db(router_data, N=10, similar_batch_size=999)\n  File \"C:\\Users\\RysukAO\\PycharmProjects\\intra\\intra_services\\loader\\tools\\for_save_to_db.py\", line 72, in entry_to_db\n    items = next(generator)     # \u0438\u0442\u0435\u0440\u0430\u0446\u0438\u044f \u043f\u043e \u0433\u0435\u043d\u0435\u0440\u0430\u0442\u043e\u0440\u0443\n  File \"C:\\Users\\RysukAO\\PycharmProjects\\intra\\intra_services\\loader\\tools\\for_save_to_db.py\", line 42, in router\n    check_fields(model_fields, validator)\n  File \"C:\\Users\\RysukAO\\PycharmProjects\\intra\\intra_services\\loader\\tools\\for_save_to_db.py\", line 51, in check_fields\n    print(list(validator.model_dump(validator)))\n  File \"C:\\Users\\RysukAO\\AppData\\Local\\Programs\\Python\\Python38\\lib\\site-packages\\pydantic\\main.py\", line 314, in model_dump\n    return self.__pydantic_serializer__.to_python(\nTypeError: 'mappingproxy' object cannot be converted to 'PyDict'", "timestamp": "22-02-2024|09:51:10|580714Z", "level": "WARNING", "module": "tasks", "message": "\u041a\u0430\u043a \u0442\u043e \u043e\u0442\u043f\u0440\u0430\u0432\u0438\u0442\u044c \u043f\u043e\u043b\u0443\u0447\u0430\u0442\u0435\u043b\u044e, \u0447\u0442\u043e \u043d\u0438\u0447\u0435\u0433\u043e \u043d\u0435 \u0432\u044b\u0448\u043b\u043e"}
{"timestamp": "22-02-2024|09:54:19|960714Z", "level": "INFO", "module": "autoreload", "message": "C:\\Users\\RysukAO\\PycharmProjects\\intra\\intra_services\\loader\\tools\\for_save_to_db.py changed, reloading."}
{"timestamp": "22-02-2024|09:54:20|430714Z", "level": "INFO", "module": "autoreload", "message": "C:\\Users\\RysukAO\\PycharmProjects\\intra\\intra_services\\loader\\tools\\for_save_to_db.py changed, reloading."}
{"timestamp": "22-02-2024|09:54:21|007714Z", "level": "INFO", "module": "autoreload", "message": "C:\\Users\\RysukAO\\PycharmProjects\\intra\\intra_services\\loader\\tools\\for_save_to_db.py changed, reloading."}
{"timestamp": "22-02-2024|09:54:24|589714Z", "level": "INFO", "module": "autoreload", "message": "Watching for file changes with StatReloader"}
{"timestamp": "22-02-2024|09:54:24|589714Z", "level": "INFO", "module": "autoreload", "message": "Watching for file changes with StatReloader"}
{"timestamp": "22-02-2024|09:54:25|225714Z", "level": "INFO", "module": "autoreload", "message": "Watching for file changes with StatReloader"}
{"timestamp": "22-02-2024|09:54:39|628714Z", "level": "INFO", "module": "autoreload", "message": "Watching for file changes with StatReloader"}
{"timestamp": "22-02-2024|09:58:39|862714Z", "level": "INFO", "module": "autoreload", "message": "C:\\Users\\RysukAO\\PycharmProjects\\intra\\intra_services\\loader\\tools\\for_save_to_db.py changed, reloading."}
{"timestamp": "22-02-2024|09:58:40|094714Z", "level": "INFO", "module": "autoreload", "message": "C:\\Users\\RysukAO\\PycharmProjects\\intra\\intra_services\\loader\\tools\\for_save_to_db.py changed, reloading."}
{"timestamp": "22-02-2024|09:58:40|659714Z", "level": "INFO", "module": "autoreload", "message": "C:\\Users\\RysukAO\\PycharmProjects\\intra\\intra_services\\loader\\tools\\for_save_to_db.py changed, reloading."}
{"timestamp": "22-02-2024|09:58:44|063714Z", "level": "INFO", "module": "autoreload", "message": "Watching for file changes with StatReloader"}
{"timestamp": "22-02-2024|09:58:44|673714Z", "level": "INFO", "module": "autoreload", "message": "Watching for file changes with StatReloader"}
{"timestamp": "22-02-2024|09:58:45|262714Z", "level": "INFO", "module": "autoreload", "message": "Watching for file changes with StatReloader"}
{"timestamp": "22-02-2024|09:59:17|546714Z", "level": "INFO", "module": "autoreload", "message": "C:\\Users\\RysukAO\\PycharmProjects\\intra\\intra_services\\loader\\tools\\for_save_to_db.py changed, reloading."}
{"timestamp": "22-02-2024|09:59:18|038714Z", "level": "INFO", "module": "autoreload", "message": "C:\\Users\\RysukAO\\PycharmProjects\\intra\\intra_services\\loader\\tools\\for_save_to_db.py changed, reloading."}
{"timestamp": "22-02-2024|09:59:18|219714Z", "level": "INFO", "module": "autoreload", "message": "C:\\Users\\RysukAO\\PycharmProjects\\intra\\intra_services\\loader\\tools\\for_save_to_db.py changed, reloading."}
{"timestamp": "22-02-2024|09:59:21|530714Z", "level": "INFO", "module": "autoreload", "message": "Watching for file changes with StatReloader"}
{"timestamp": "22-02-2024|09:59:21|601714Z", "level": "INFO", "module": "autoreload", "message": "Watching for file changes with StatReloader"}
{"timestamp": "22-02-2024|09:59:22|083714Z", "level": "INFO", "module": "autoreload", "message": "Watching for file changes with StatReloader"}
{"timestamp": "22-02-2024|10:04:43|268714Z", "level": "INFO", "module": "autoreload", "message": "C:\\Users\\RysukAO\\PycharmProjects\\intra\\intra_services\\loader\\models.py changed, reloading."}
{"timestamp": "22-02-2024|10:04:43|593714Z", "level": "INFO", "module": "autoreload", "message": "C:\\Users\\RysukAO\\PycharmProjects\\intra\\intra_services\\loader\\tools\\logic.py changed, reloading."}
{"timestamp": "22-02-2024|10:04:43|701714Z", "level": "INFO", "module": "autoreload", "message": "C:\\Users\\RysukAO\\PycharmProjects\\intra\\intra_services\\loader\\tools\\logic.py changed, reloading."}
{"timestamp": "22-02-2024|10:04:48|508714Z", "level": "INFO", "module": "autoreload", "message": "Watching for file changes with StatReloader"}
{"timestamp": "22-02-2024|10:04:48|583714Z", "level": "INFO", "module": "autoreload", "message": "Watching for file changes with StatReloader"}
{"timestamp": "22-02-2024|10:04:56|140714Z", "level": "INFO", "module": "autoreload", "message": "Watching for file changes with StatReloader"}
{"status_code": 404, "request": "<WSGIRequest: GET '/metal/start/'>", "timestamp": "22-02-2024|10:04:57|850714Z", "level": "WARNING", "module": "log", "message": "Not Found: /metal/start/"}
{"status_code": 404, "request": "<WSGIRequest: GET '/favicon.ico'>", "timestamp": "22-02-2024|10:05:01|328714Z", "level": "WARNING", "module": "log", "message": "Not Found: /favicon.ico"}
{"timestamp": "22-02-2024|10:19:34|983158Z", "level": "INFO", "module": "autoreload", "message": "C:\\Users\\RysukAO\\PycharmProjects\\intra\\intra_services\\loader\\admin.py changed, reloading."}
{"timestamp": "22-02-2024|10:19:35|385198Z", "level": "INFO", "module": "autoreload", "message": "C:\\Users\\RysukAO\\PycharmProjects\\intra\\intra_services\\loader\\admin.py changed, reloading."}
{"timestamp": "22-02-2024|10:19:38|641524Z", "level": "INFO", "module": "autoreload", "message": "Watching for file changes with StatReloader"}
{"timestamp": "22-02-2024|10:19:39|072567Z", "level": "INFO", "module": "autoreload", "message": "Watching for file changes with StatReloader"}
{"timestamp": "22-02-2024|10:19:43|787711Z", "level": "INFO", "module": "autoreload", "message": "Watching for file changes with StatReloader"}
{"timestamp": "22-02-2024|10:25:25|470711Z", "level": "INFO", "module": "autoreload", "message": "C:\\Users\\RysukAO\\PycharmProjects\\intra\\intra_services\\loader\\tools\\for_save_to_db.py changed, reloading."}
{"timestamp": "22-02-2024|10:25:26|287711Z", "level": "INFO", "module": "autoreload", "message": "C:\\Users\\RysukAO\\PycharmProjects\\intra\\intra_services\\loader\\tools\\for_save_to_db.py changed, reloading."}
{"timestamp": "22-02-2024|10:25:26|516711Z", "level": "INFO", "module": "autoreload", "message": "C:\\Users\\RysukAO\\PycharmProjects\\intra\\intra_services\\loader\\tools\\for_save_to_db.py changed, reloading."}
{"timestamp": "22-02-2024|10:25:29|119711Z", "level": "INFO", "module": "autoreload", "message": "Watching for file changes with StatReloader"}
{"timestamp": "22-02-2024|10:25:29|986711Z", "level": "INFO", "module": "autoreload", "message": "Watching for file changes with StatReloader"}
{"timestamp": "22-02-2024|10:33:52|802711Z", "level": "INFO", "module": "autoreload", "message": "C:\\Users\\RysukAO\\PycharmProjects\\intra\\intra_services\\loader\\tools\\for_save_to_db.py changed, reloading."}
{"timestamp": "22-02-2024|10:33:53|617711Z", "level": "INFO", "module": "autoreload", "message": "C:\\Users\\RysukAO\\PycharmProjects\\intra\\intra_services\\loader\\tools\\for_save_to_db.py changed, reloading."}
{"timestamp": "22-02-2024|10:33:53|744711Z", "level": "INFO", "module": "autoreload", "message": "C:\\Users\\RysukAO\\PycharmProjects\\intra\\intra_services\\loader\\tools\\for_save_to_db.py changed, reloading."}
{"timestamp": "22-02-2024|10:33:56|487711Z", "level": "INFO", "module": "autoreload", "message": "Watching for file changes with StatReloader"}
{"timestamp": "22-02-2024|10:33:57|340711Z", "level": "INFO", "module": "autoreload", "message": "Watching for file changes with StatReloader"}
{"timestamp": "22-02-2024|10:33:57|340711Z", "level": "INFO", "module": "autoreload", "message": "Watching for file changes with StatReloader"}
{"timestamp": "22-02-2024|10:35:41|193711Z", "level": "INFO", "module": "autoreload", "message": "C:\\Users\\RysukAO\\PycharmProjects\\intra\\intra_services\\loader\\tools\\for_save_to_db.py changed, reloading."}
{"timestamp": "22-02-2024|10:35:42|067711Z", "level": "INFO", "module": "autoreload", "message": "C:\\Users\\RysukAO\\PycharmProjects\\intra\\intra_services\\loader\\tools\\for_save_to_db.py changed, reloading."}
{"timestamp": "22-02-2024|10:35:42|272711Z", "level": "INFO", "module": "autoreload", "message": "C:\\Users\\RysukAO\\PycharmProjects\\intra\\intra_services\\loader\\tools\\for_save_to_db.py changed, reloading."}
{"timestamp": "22-02-2024|10:35:44|751711Z", "level": "INFO", "module": "autoreload", "message": "Watching for file changes with StatReloader"}
{"timestamp": "22-02-2024|10:35:45|532711Z", "level": "INFO", "module": "autoreload", "message": "Watching for file changes with StatReloader"}
{"timestamp": "22-02-2024|10:35:45|639711Z", "level": "INFO", "module": "autoreload", "message": "Watching for file changes with StatReloader"}
{"timestamp": "22-02-2024|10:37:18|472711Z", "level": "INFO", "module": "autoreload", "message": "C:\\Users\\RysukAO\\PycharmProjects\\intra\\intra_services\\loader\\tools\\logic.py changed, reloading."}
{"timestamp": "22-02-2024|10:37:18|891711Z", "level": "INFO", "module": "autoreload", "message": "C:\\Users\\RysukAO\\PycharmProjects\\intra\\intra_services\\loader\\tools\\logic.py changed, reloading."}
{"timestamp": "22-02-2024|10:37:19|270711Z", "level": "INFO", "module": "autoreload", "message": "C:\\Users\\RysukAO\\PycharmProjects\\intra\\intra_services\\loader\\tools\\logic.py changed, reloading."}
{"timestamp": "22-02-2024|10:37:22|197711Z", "level": "INFO", "module": "autoreload", "message": "Watching for file changes with StatReloader"}
{"timestamp": "22-02-2024|10:37:22|228711Z", "level": "INFO", "module": "autoreload", "message": "Watching for file changes with StatReloader"}
{"timestamp": "22-02-2024|10:37:22|315711Z", "level": "INFO", "module": "autoreload", "message": "Watching for file changes with StatReloader"}
{"timestamp": "22-02-2024|10:39:02|535711Z", "level": "INFO", "module": "autoreload", "message": "C:\\Users\\RysukAO\\PycharmProjects\\intra\\intra_services\\loader\\tools\\logic.py changed, reloading."}
{"timestamp": "22-02-2024|10:39:02|742711Z", "level": "INFO", "module": "autoreload", "message": "C:\\Users\\RysukAO\\PycharmProjects\\intra\\intra_services\\loader\\tools\\logic.py changed, reloading."}
{"timestamp": "22-02-2024|10:39:02|762711Z", "level": "INFO", "module": "autoreload", "message": "C:\\Users\\RysukAO\\PycharmProjects\\intra\\intra_services\\loader\\tools\\logic.py changed, reloading."}
{"timestamp": "22-02-2024|10:39:06|071711Z", "level": "INFO", "module": "autoreload", "message": "Watching for file changes with StatReloader"}
{"timestamp": "22-02-2024|10:39:06|101711Z", "level": "INFO", "module": "autoreload", "message": "Watching for file changes with StatReloader"}
{"timestamp": "22-02-2024|10:39:06|112711Z", "level": "INFO", "module": "autoreload", "message": "Watching for file changes with StatReloader"}
{"timestamp": "22-02-2024|10:48:06|126040Z", "level": "INFO", "module": "autoreload", "message": "C:\\Users\\RysukAO\\PycharmProjects\\intra\\intra_services\\loader\\tools\\for_save_to_db.py changed, reloading."}
{"timestamp": "22-02-2024|10:48:06|484111Z", "level": "INFO", "module": "autoreload", "message": "C:\\Users\\RysukAO\\PycharmProjects\\intra\\intra_services\\loader\\tools\\for_save_to_db.py changed, reloading."}
{"timestamp": "22-02-2024|10:48:09|649744Z", "level": "INFO", "module": "autoreload", "message": "Watching for file changes with StatReloader"}
{"timestamp": "22-02-2024|10:48:10|960006Z", "level": "INFO", "module": "autoreload", "message": "Watching for file changes with StatReloader"}
{"timestamp": "22-02-2024|10:48:12|705355Z", "level": "INFO", "module": "autoreload", "message": "Watching for file changes with StatReloader"}
{"exc_info": "Traceback (most recent call last):\n  File \"C:\\Users\\RysukAO\\PycharmProjects\\intra\\intra_services\\loader\\tasks.py\", line 15, in entry_to_db_task\n    entry_to_db(router_data, N=10, similar_batch_size=999)\n  File \"C:\\Users\\RysukAO\\PycharmProjects\\intra\\intra_services\\loader\\tools\\for_save_to_db.py\", line 73, in entry_to_db\n    items = next(generator)     # \u0438\u0442\u0435\u0440\u0430\u0446\u0438\u044f \u043f\u043e \u0433\u0435\u043d\u0435\u0440\u0430\u0442\u043e\u0440\u0443\n  File \"C:\\Users\\RysukAO\\PycharmProjects\\intra\\intra_services\\loader\\tools\\for_save_to_db.py\", line 42, in router\n    check_fields(model_fields, validator)\n  File \"C:\\Users\\RysukAO\\PycharmProjects\\intra\\intra_services\\loader\\tools\\for_save_to_db.py\", line 54, in check_fields\n    raise Exception(f'\u041d\u0435 \u0441\u043e\u043e\u0442\u0432\u0435\u0442\u0441\u0442\u0432\u0438\u0435 \u043c\u0435\u0436\u0434\u0443 \u0441\u0443\u0449\u0435\u0441\u0442\u0432\u0443\u044e\u0449\u0438\u043c\u0438 \u043f\u043e\u043b\u044f\u043c\u0438 \u043c\u043e\u0434\u0435\u043b\u0438 {model_fields} \u0438 \u043f\u043e\u043b\u044f\u043c\u0438 \u0435\u0433\u043e \u0432\u0430\u043b\u0438\u0434\u0430\u0442\u043e\u0440\u0430 {val_fields}')\nException: \u041d\u0435 \u0441\u043e\u043e\u0442\u0432\u0435\u0442\u0441\u0442\u0432\u0438\u0435 \u043c\u0435\u0436\u0434\u0443 \u0441\u0443\u0449\u0435\u0441\u0442\u0432\u0443\u044e\u0449\u0438\u043c\u0438 \u043f\u043e\u043b\u044f\u043c\u0438 \u043c\u043e\u0434\u0435\u043b\u0438 ['id', 'numberlist', 'id_fabrics', 'id_work', 'id_insta', 'id_contract', 'id_execut', 'id_object', 'id_cat', 'id_med', 'otherflange', 'rectanga', 'rectangb', 'id_press', 'id_presan', 'hydratestpress', 'workpress', 'opertemp', 'calcpress', 'calctemp', 'flan1', 'materialf1', 'dentdeff1', 'protectcover', 'protectcover1', 'defflan1', 'transdeff1', 'longdeff1', 'ulcercorf1', 'wearsurff1', 'violgeomf1', 'seasurff1', 'whyf', 'whyf1', 'flan2', 'materialf2', 'dentdeff2', 'defflan2', 'transdeff2', 'longdeff2', 'ulcercorf2', 'wearsurff2', 'violgeomf2', 'seasurff2', 'typesurf', 'typesurfANSI', 'diffdesig', 'diffdesig1', 'typegasket', 'gasket1', 'gasketoht', 'gasket2', 'gasket3', 'gasket4', 'gasket5', 'gasket6', 'gasket7', 'gasketdiam', 'gasketwidth', 'gasketthick', 'clampedpart', 'typefast', 'threadpitch', 'threadpitchansi', 'fastmater', 'fastener_vid_inst', 'fastinstdiam', 'fastinstdiamansi', 'fastinstlen', 'fastener_vid_need', 'fastneeddia', 'fastneeddiansi', 'fastneedlen', 'numberfast', 'fastreject', 'fastrepl', 'fastrecom', 'fastcondit', 'deffast1', 'deffast2', 'deffast3', 'deffast4', 'mnogo', 'inconsist1', 'inconsist2', 'inconsist3', 'inconsist4', 'inconsist5', 'inconsist6', 'inconsist7', 'inconsist8', 'inconsist9', 'inconsist10', 'typenut', 'lubricfast', 'tightshem1', 'tightshem2', 'lubricfast1', 'tighttorq', 'loosefast', 'remarkfast1', 'remfastdate1', 'remarkfast2', 'remfastdate2', 'coaxiality', 'coaxiality1', 'parallel', 'parallel1', 'tools', 'succgidro', 'countgidro', 'dategidro', 'commgidro', 'tag1', 'tag2', 'usesiz', 'workingtool', 'generalquest', 'reactremark', 'mechanic', 'datemech', 'supervisor', 'datesuper', 'commcheck1', 'commcheck', 'sxemafile', 'edit', 'created'] \u0438 \u043f\u043e\u043b\u044f\u043c\u0438 \u0435\u0433\u043e \u0432\u0430\u043b\u0438\u0434\u0430\u0442\u043e\u0440\u0430 ['numberlist', 'id_fabrics', 'id_work', 'id_insta', 'id_contract', 'id_execut', 'id_object', 'id_cat', 'id_med']", "timestamp": "22-02-2024|10:48:54|270667Z", "level": "WARNING", "module": "tasks", "message": "\u041a\u0430\u043a \u0442\u043e \u043e\u0442\u043f\u0440\u0430\u0432\u0438\u0442\u044c \u043f\u043e\u043b\u0443\u0447\u0430\u0442\u0435\u043b\u044e, \u0447\u0442\u043e \u043d\u0438\u0447\u0435\u0433\u043e \u043d\u0435 \u0432\u044b\u0448\u043b\u043e"}
{"timestamp": "22-02-2024|10:49:49|526212Z", "level": "INFO", "module": "autoreload", "message": "C:\\Users\\RysukAO\\PycharmProjects\\intra\\intra_services\\loader\\tasks.py changed, reloading."}
{"timestamp": "22-02-2024|10:49:49|573216Z", "level": "INFO", "module": "autoreload", "message": "C:\\Users\\RysukAO\\PycharmProjects\\intra\\intra_services\\loader\\tasks.py changed, reloading."}
{"timestamp": "22-02-2024|10:49:52|992558Z", "level": "INFO", "module": "autoreload", "message": "Watching for file changes with StatReloader"}
{"timestamp": "22-02-2024|10:49:53|231582Z", "level": "INFO", "module": "autoreload", "message": "Watching for file changes with StatReloader"}
{"timestamp": "22-02-2024|10:49:54|518711Z", "level": "INFO", "module": "autoreload", "message": "Watching for file changes with StatReloader"}
{"exc_info": "Traceback (most recent call last):\n  File \"C:\\Users\\RysukAO\\AppData\\Local\\Programs\\Python\\Python38\\lib\\site-packages\\django\\db\\models\\fields\\__init__.py\", line 2053, in get_prep_value\n    return int(value)\nTypeError: int() argument must be a string, a bytes-like object or a number, not 'dict'\n\nThe above exception was the direct cause of the following exception:\n\nTraceback (most recent call last):\n  File \"C:\\Users\\RysukAO\\PycharmProjects\\intra\\intra_services\\loader\\tasks.py\", line 15, in entry_to_db_task\n    entry_to_db(router_data, N=10, similar_batch_size=999)\n  File \"C:\\Users\\RysukAO\\PycharmProjects\\intra\\intra_services\\loader\\tools\\for_save_to_db.py\", line 84, in entry_to_db\n    objects_to_create(data_dict)    # \u0437\u0430\u043f\u0438\u0441\u044b\u0432\u0430\u0435\u043c \u0432 \u0431\u0434 \u0432 \u043a\u043e\u043d\u0446\u0435 \u043a\u0430\u0436\u0434\u043e\u0439 \u0438\u0442\u0435\u0440\u0430\u0446\u0438\u0438 while\n  File \"C:\\Users\\RysukAO\\PycharmProjects\\intra\\intra_services\\loader\\tools\\for_save_to_db.py\", line 95, in objects_to_create\n    model.objects.bulk_create(objects)\n  File \"C:\\Users\\RysukAO\\AppData\\Local\\Programs\\Python\\Python38\\lib\\site-packages\\django\\db\\models\\manager.py\", line 87, in manager_method\n    return getattr(self.get_queryset(), name)(*args, **kwargs)\n  File \"C:\\Users\\RysukAO\\AppData\\Local\\Programs\\Python\\Python38\\lib\\site-packages\\django\\db\\models\\query.py\", line 786, in bulk_create\n    returned_columns = self._batched_insert(\n  File \"C:\\Users\\RysukAO\\AppData\\Local\\Programs\\Python\\Python38\\lib\\site-packages\\django\\db\\models\\query.py\", line 1831, in _batched_insert\n    self._insert(\n  File \"C:\\Users\\RysukAO\\AppData\\Local\\Programs\\Python\\Python38\\lib\\site-packages\\django\\db\\models\\query.py\", line 1805, in _insert\n    return query.get_compiler(using=using).execute_sql(returning_fields)\n  File \"C:\\Users\\RysukAO\\AppData\\Local\\Programs\\Python\\Python38\\lib\\site-packages\\django\\db\\models\\sql\\compiler.py\", line 1821, in execute_sql\n    for sql, params in self.as_sql():\n  File \"C:\\Users\\RysukAO\\AppData\\Local\\Programs\\Python\\Python38\\lib\\site-packages\\django\\db\\models\\sql\\compiler.py\", line 1745, in as_sql\n    value_rows = [\n  File \"C:\\Users\\RysukAO\\AppData\\Local\\Programs\\Python\\Python38\\lib\\site-packages\\django\\db\\models\\sql\\compiler.py\", line 1746, in <listcomp>\n    [\n  File \"C:\\Users\\RysukAO\\AppData\\Local\\Programs\\Python\\Python38\\lib\\site-packages\\django\\db\\models\\sql\\compiler.py\", line 1747, in <listcomp>\n    self.prepare_value(field, self.pre_save_val(field, obj))\n  File \"C:\\Users\\RysukAO\\AppData\\Local\\Programs\\Python\\Python38\\lib\\site-packages\\django\\db\\models\\sql\\compiler.py\", line 1686, in prepare_value\n    return field.get_db_prep_save(value, connection=self.connection)\n  File \"C:\\Users\\RysukAO\\AppData\\Local\\Programs\\Python\\Python38\\lib\\site-packages\\django\\db\\models\\fields\\__init__.py\", line 954, in get_db_prep_save\n    return self.get_db_prep_value(value, connection=connection, prepared=False)\n  File \"C:\\Users\\RysukAO\\AppData\\Local\\Programs\\Python\\Python38\\lib\\site-packages\\django\\db\\models\\fields\\__init__.py\", line 2742, in get_db_prep_value\n    value = self.get_prep_value(value)\n  File \"C:\\Users\\RysukAO\\AppData\\Local\\Programs\\Python\\Python38\\lib\\site-packages\\django\\db\\models\\fields\\__init__.py\", line 2055, in get_prep_value\n    raise e.__class__(\nTypeError: Field 'id' expected a number but got {'numberlist': 1, 'id_fabrics': '', 'id_work': 36, 'id_insta': '', 'id_contract': '\u041e\u041e\u041e &quot;\u0410\u041b\u041a\u0418-\u0423\u0420\u0410\u041b&quot;', 'id_execut': '\u0413\u0438\u043b\u044c\u0432\u0430\u043d\u043e\u0432 \u0421.\u041c.', 'id_object': '40DB-412', 'id_cat': '', 'id_med': '\u0443\u0433\u043b\u0435\u0432\u043e\u0434\u043e\u0440\u043e\u0434\u044b'}.", "timestamp": "22-02-2024|10:50:21|545413Z", "level": "WARNING", "module": "tasks", "message": "\u041a\u0430\u043a \u0442\u043e \u043e\u0442\u043f\u0440\u0430\u0432\u0438\u0442\u044c \u043f\u043e\u043b\u0443\u0447\u0430\u0442\u0435\u043b\u044e, \u0447\u0442\u043e \u043d\u0438\u0447\u0435\u0433\u043e \u043d\u0435 \u0432\u044b\u0448\u043b\u043e"}
{"timestamp": "22-02-2024|10:52:28|822186Z", "level": "INFO", "module": "autoreload", "message": "C:\\Users\\RysukAO\\PycharmProjects\\intra\\intra_services\\loader\\tools\\for_save_to_db.py changed, reloading."}
{"timestamp": "22-02-2024|10:52:29|783282Z", "level": "INFO", "module": "autoreload", "message": "C:\\Users\\RysukAO\\PycharmProjects\\intra\\intra_services\\loader\\tools\\for_save_to_db.py changed, reloading."}
{"timestamp": "22-02-2024|10:52:32|522343Z", "level": "INFO", "module": "autoreload", "message": "Watching for file changes with StatReloader"}
{"timestamp": "22-02-2024|10:52:33|260012Z", "level": "INFO", "module": "autoreload", "message": "Watching for file changes with StatReloader"}
{"timestamp": "22-02-2024|10:52:35|503820Z", "level": "INFO", "module": "autoreload", "message": "Watching for file changes with StatReloader"}
{"timestamp": "22-02-2024|10:53:54|754328Z", "level": "INFO", "module": "autoreload", "message": "C:\\Users\\RysukAO\\PycharmProjects\\intra\\intra_services\\loader\\tools\\for_save_to_db.py changed, reloading."}
{"timestamp": "22-02-2024|10:53:55|031356Z", "level": "INFO", "module": "autoreload", "message": "C:\\Users\\RysukAO\\PycharmProjects\\intra\\intra_services\\loader\\tools\\for_save_to_db.py changed, reloading."}
{"timestamp": "22-02-2024|10:53:55|196373Z", "level": "INFO", "module": "autoreload", "message": "C:\\Users\\RysukAO\\PycharmProjects\\intra\\intra_services\\loader\\tools\\for_save_to_db.py changed, reloading."}
{"timestamp": "22-02-2024|10:53:59|103763Z", "level": "INFO", "module": "autoreload", "message": "Watching for file changes with StatReloader"}
{"timestamp": "22-02-2024|10:53:59|125766Z", "level": "INFO", "module": "autoreload", "message": "Watching for file changes with StatReloader"}
{"timestamp": "22-02-2024|10:53:59|900843Z", "level": "INFO", "module": "autoreload", "message": "Watching for file changes with StatReloader"}
{"timestamp": "22-02-2024|10:54:42|687121Z", "level": "INFO", "module": "autoreload", "message": "C:\\Users\\RysukAO\\PycharmProjects\\intra\\intra_services\\loader\\tools\\for_save_to_db.py changed, reloading."}
{"timestamp": "22-02-2024|10:54:43|402193Z", "level": "INFO", "module": "autoreload", "message": "C:\\Users\\RysukAO\\PycharmProjects\\intra\\intra_services\\loader\\tools\\for_save_to_db.py changed, reloading."}
{"timestamp": "22-02-2024|10:54:43|842237Z", "level": "INFO", "module": "autoreload", "message": "C:\\Users\\RysukAO\\PycharmProjects\\intra\\intra_services\\loader\\tools\\for_save_to_db.py changed, reloading."}
{"timestamp": "22-02-2024|10:54:46|652518Z", "level": "INFO", "module": "autoreload", "message": "Watching for file changes with StatReloader"}
{"timestamp": "22-02-2024|10:54:47|483601Z", "level": "INFO", "module": "autoreload", "message": "Watching for file changes with StatReloader"}
{"timestamp": "22-02-2024|10:54:47|484601Z", "level": "INFO", "module": "autoreload", "message": "Watching for file changes with StatReloader"}
{"timestamp": "22-02-2024|10:55:19|899842Z", "level": "INFO", "module": "autoreload", "message": "C:\\Users\\RysukAO\\PycharmProjects\\intra\\intra_services\\loader\\tools\\for_save_to_db.py changed, reloading."}
{"timestamp": "22-02-2024|10:55:19|950847Z", "level": "INFO", "module": "autoreload", "message": "C:\\Users\\RysukAO\\PycharmProjects\\intra\\intra_services\\loader\\tools\\for_save_to_db.py changed, reloading."}
{"timestamp": "22-02-2024|10:55:20|171869Z", "level": "INFO", "module": "autoreload", "message": "C:\\Users\\RysukAO\\PycharmProjects\\intra\\intra_services\\loader\\tools\\for_save_to_db.py changed, reloading."}
{"timestamp": "22-02-2024|10:55:23|468199Z", "level": "INFO", "module": "autoreload", "message": "Watching for file changes with StatReloader"}
{"timestamp": "22-02-2024|10:55:23|469199Z", "level": "INFO", "module": "autoreload", "message": "Watching for file changes with StatReloader"}
{"timestamp": "22-02-2024|10:55:23|473199Z", "level": "INFO", "module": "autoreload", "message": "Watching for file changes with StatReloader"}
{"timestamp": "22-02-2024|10:58:16|974548Z", "level": "INFO", "module": "autoreload", "message": "C:\\Users\\RysukAO\\PycharmProjects\\intra\\intra_services\\loader\\tasks.py changed, reloading."}
{"timestamp": "22-02-2024|10:58:17|142565Z", "level": "INFO", "module": "autoreload", "message": "C:\\Users\\RysukAO\\PycharmProjects\\intra\\intra_services\\loader\\tasks.py changed, reloading."}
{"timestamp": "22-02-2024|10:58:17|669617Z", "level": "INFO", "module": "autoreload", "message": "C:\\Users\\RysukAO\\PycharmProjects\\intra\\intra_services\\loader\\tools\\for_save_to_db.py changed, reloading."}
{"timestamp": "22-02-2024|10:58:21|984049Z", "level": "INFO", "module": "autoreload", "message": "Watching for file changes with StatReloader"}
{"timestamp": "22-02-2024|10:58:22|152066Z", "level": "INFO", "module": "autoreload", "message": "Watching for file changes with StatReloader"}
{"timestamp": "22-02-2024|10:58:22|913142Z", "level": "INFO", "module": "autoreload", "message": "Watching for file changes with StatReloader"}
{"exc_info": "Traceback (most recent call last):\n  File \"C:\\Users\\RysukAO\\PycharmProjects\\intra\\intra_services\\loader\\tasks.py\", line 15, in entry_to_db_task\n    entry_to_db(router_data, N=25, similar_batch_size=999)\n  File \"C:\\Users\\RysukAO\\PycharmProjects\\intra\\intra_services\\loader\\tools\\for_save_to_db.py\", line 74, in entry_to_db\n    items = next(generator)     # \u0438\u0442\u0435\u0440\u0430\u0446\u0438\u044f \u043f\u043e \u0433\u0435\u043d\u0435\u0440\u0430\u0442\u043e\u0440\u0443\n  File \"C:\\Users\\RysukAO\\PycharmProjects\\intra\\intra_services\\loader\\tools\\for_save_to_db.py\", line 42, in router\n    check_fields(model_fields, validator)\n  File \"C:\\Users\\RysukAO\\PycharmProjects\\intra\\intra_services\\loader\\tools\\for_save_to_db.py\", line 55, in check_fields\n    raise Exception(f'\u041d\u0435 \u0441\u043e\u043e\u0442\u0432\u0435\u0442\u0441\u0442\u0432\u0438\u0435 \u043c\u0435\u0436\u0434\u0443 \u0441\u0443\u0449\u0435\u0441\u0442\u0432\u0443\u044e\u0449\u0438\u043c\u0438 \u043f\u043e\u043b\u044f\u043c\u0438 \u043c\u043e\u0434\u0435\u043b\u0438 {model_fields} \u0438 \u043f\u043e\u043b\u044f\u043c\u0438 \u0435\u0433\u043e \u0432\u0430\u043b\u0438\u0434\u0430\u0442\u043e\u0440\u0430 {val_fields}')\nException: \u041d\u0435 \u0441\u043e\u043e\u0442\u0432\u0435\u0442\u0441\u0442\u0432\u0438\u0435 \u043c\u0435\u0436\u0434\u0443 \u0441\u0443\u0449\u0435\u0441\u0442\u0432\u0443\u044e\u0449\u0438\u043c\u0438 \u043f\u043e\u043b\u044f\u043c\u0438 \u043c\u043e\u0434\u0435\u043b\u0438 ['id', 'numberlist', 'id_fabrics', 'id_work', 'id_insta', 'id_contract', 'id_execut', 'id_object', 'id_cat', 'id_med', 'otherflange', 'rectanga', 'rectangb', 'id_press', 'id_presan', 'hydratestpress', 'workpress', 'opertemp', 'calcpress', 'calctemp', 'flan1', 'materialf1', 'dentdeff1', 'protectcover', 'protectcover1', 'defflan1', 'transdeff1', 'longdeff1', 'ulcercorf1', 'wearsurff1', 'violgeomf1', 'seasurff1', 'whyf', 'whyf1', 'flan2', 'materialf2', 'dentdeff2', 'defflan2', 'transdeff2', 'longdeff2', 'ulcercorf2', 'wearsurff2', 'violgeomf2', 'seasurff2', 'typesurf', 'typesurfANSI', 'diffdesig', 'diffdesig1', 'typegasket', 'gasket1', 'gasketoht', 'gasket2', 'gasket3', 'gasket4', 'gasket5', 'gasket6', 'gasket7', 'gasketdiam', 'gasketwidth', 'gasketthick', 'clampedpart', 'typefast', 'threadpitch', 'threadpitchansi', 'fastmater', 'fastener_vid_inst', 'fastinstdiam', 'fastinstdiamansi', 'fastinstlen', 'fastener_vid_need', 'fastneeddia', 'fastneeddiansi', 'fastneedlen', 'numberfast', 'fastreject', 'fastrepl', 'fastrecom', 'fastcondit', 'deffast1', 'deffast2', 'deffast3', 'deffast4', 'mnogo', 'inconsist1', 'inconsist2', 'inconsist3', 'inconsist4', 'inconsist5', 'inconsist6', 'inconsist7', 'inconsist8', 'inconsist9', 'inconsist10', 'typenut', 'lubricfast', 'tightshem1', 'tightshem2', 'lubricfast1', 'tighttorq', 'loosefast', 'remarkfast1', 'remfastdate1', 'remarkfast2', 'remfastdate2', 'coaxiality', 'coaxiality1', 'parallel', 'parallel1', 'tools', 'succgidro', 'countgidro', 'dategidro', 'commgidro', 'tag1', 'tag2', 'usesiz', 'workingtool', 'generalquest', 'reactremark', 'mechanic', 'datemech', 'supervisor', 'datesuper', 'commcheck1', 'commcheck', 'sxemafile', 'edit', 'created'] \u0438 \u043f\u043e\u043b\u044f\u043c\u0438 \u0435\u0433\u043e \u0432\u0430\u043b\u0438\u0434\u0430\u0442\u043e\u0440\u0430 ['numberlist', 'id_fabrics', 'id_work', 'id_insta', 'id_contract', 'id_execut', 'id_object', 'id_cat', 'id_med']", "timestamp": "22-02-2024|11:14:52|282069Z", "level": "WARNING", "module": "tasks", "message": "\u041a\u0430\u043a \u0442\u043e \u043e\u0442\u043f\u0440\u0430\u0432\u0438\u0442\u044c \u043f\u043e\u043b\u0443\u0447\u0430\u0442\u0435\u043b\u044e, \u0447\u0442\u043e \u043d\u0438\u0447\u0435\u0433\u043e \u043d\u0435 \u0432\u044b\u0448\u043b\u043e"}
{"timestamp": "22-02-2024|11:15:08|863727Z", "level": "INFO", "module": "autoreload", "message": "C:\\Users\\RysukAO\\PycharmProjects\\intra\\intra_services\\loader\\tasks.py changed, reloading."}
{"timestamp": "22-02-2024|11:15:10|290869Z", "level": "INFO", "module": "autoreload", "message": "C:\\Users\\RysukAO\\PycharmProjects\\intra\\intra_services\\loader\\tasks.py changed, reloading."}
{"timestamp": "22-02-2024|11:15:13|167157Z", "level": "INFO", "module": "autoreload", "message": "Watching for file changes with StatReloader"}
{"timestamp": "22-02-2024|11:15:13|825223Z", "level": "INFO", "module": "autoreload", "message": "Watching for file changes with StatReloader"}
{"timestamp": "22-02-2024|11:15:16|703511Z", "level": "INFO", "module": "autoreload", "message": "Watching for file changes with StatReloader"}
{"exc_info": "Traceback (most recent call last):\n  File \"C:\\Users\\RysukAO\\PycharmProjects\\intra\\intra_services\\loader\\tasks.py\", line 15, in entry_to_db_task\n    entry_to_db(router_data, N=25, similar_batch_size=999)\n  File \"C:\\Users\\RysukAO\\PycharmProjects\\intra\\intra_services\\loader\\tools\\for_save_to_db.py\", line 74, in entry_to_db\n    items = next(generator)     # \u0438\u0442\u0435\u0440\u0430\u0446\u0438\u044f \u043f\u043e \u0433\u0435\u043d\u0435\u0440\u0430\u0442\u043e\u0440\u0443\n  File \"C:\\Users\\RysukAO\\PycharmProjects\\intra\\intra_services\\loader\\tools\\for_save_to_db.py\", line 44, in router\n    data = validate(data, validator) if is_validate else data  # \u0432\u0430\u043b\u0438\u0434\u0430\u0446\u0438\u044f \u043f\u0430\u0439\u0434\u0435\u043d\u0442\u0438\u043a\u043e\u043c\n  File \"C:\\Users\\RysukAO\\PycharmProjects\\intra\\intra_services\\loader\\tools\\for_save_to_db.py\", line 61, in validate\n    val_data = validator.model_validate(data)\n  File \"C:\\Users\\RysukAO\\AppData\\Local\\Programs\\Python\\Python38\\lib\\site-packages\\pydantic\\main.py\", line 509, in model_validate\n    return cls.__pydantic_validator__.validate_python(\npydantic_core._pydantic_core.ValidationError: 2 validation errors for Item\nnumberlist.int\n  Input should be a valid integer, unable to parse string as an integer [type=int_parsing, input_value='\u044b\u0444\u0430\u0444\u0444\u0430', input_type=str]\n    For further information visit https://errors.pydantic.dev/2.6/v/int_parsing\nnumberlist.float\n  Input should be a valid number, unable to parse string as a number [type=float_parsing, input_value='\u044b\u0444\u0430\u0444\u0444\u0430', input_type=str]\n    For further information visit https://errors.pydantic.dev/2.6/v/float_parsing", "timestamp": "22-02-2024|11:15:28|309671Z", "level": "WARNING", "module": "tasks", "message": "\u041a\u0430\u043a \u0442\u043e \u043e\u0442\u043f\u0440\u0430\u0432\u0438\u0442\u044c \u043f\u043e\u043b\u0443\u0447\u0430\u0442\u0435\u043b\u044e, \u0447\u0442\u043e \u043d\u0438\u0447\u0435\u0433\u043e \u043d\u0435 \u0432\u044b\u0448\u043b\u043e"}
{"exc_info": "Traceback (most recent call last):\n  File \"C:\\Users\\RysukAO\\PycharmProjects\\intra\\intra_services\\loader\\tasks.py\", line 15, in entry_to_db_task\n    entry_to_db(router_data, N=25, similar_batch_size=999)\n  File \"C:\\Users\\RysukAO\\PycharmProjects\\intra\\intra_services\\loader\\tools\\for_save_to_db.py\", line 74, in entry_to_db\n    items = next(generator)     # \u0438\u0442\u0435\u0440\u0430\u0446\u0438\u044f \u043f\u043e \u0433\u0435\u043d\u0435\u0440\u0430\u0442\u043e\u0440\u0443\n  File \"C:\\Users\\RysukAO\\PycharmProjects\\intra\\intra_services\\loader\\tools\\for_save_to_db.py\", line 44, in router\n    data = validate(data, validator) if is_validate else data  # \u0432\u0430\u043b\u0438\u0434\u0430\u0446\u0438\u044f \u043f\u0430\u0439\u0434\u0435\u043d\u0442\u0438\u043a\u043e\u043c\n  File \"C:\\Users\\RysukAO\\PycharmProjects\\intra\\intra_services\\loader\\tools\\for_save_to_db.py\", line 61, in validate\n    val_data = validator.model_validate(data)\n  File \"C:\\Users\\RysukAO\\AppData\\Local\\Programs\\Python\\Python38\\lib\\site-packages\\pydantic\\main.py\", line 509, in model_validate\n    return cls.__pydantic_validator__.validate_python(\npydantic_core._pydantic_core.ValidationError: 8 validation errors for Item\nid_fabrics\n  Field required [type=missing, input_value={'numberlist': 1, 'otherf...: '2023-08-20 13:11:13'}, input_type=dict]\n    For further information visit https://errors.pydantic.dev/2.6/v/missing\nid_work\n  Field required [type=missing, input_value={'numberlist': 1, 'otherf...: '2023-08-20 13:11:13'}, input_type=dict]\n    For further information visit https://errors.pydantic.dev/2.6/v/missing\nid_insta\n  Field required [type=missing, input_value={'numberlist': 1, 'otherf...: '2023-08-20 13:11:13'}, input_type=dict]\n    For further information visit https://errors.pydantic.dev/2.6/v/missing\nid_contract\n  Field required [type=missing, input_value={'numberlist': 1, 'otherf...: '2023-08-20 13:11:13'}, input_type=dict]\n    For further information visit https://errors.pydantic.dev/2.6/v/missing\nid_execut\n  Field required [type=missing, input_value={'numberlist': 1, 'otherf...: '2023-08-20 13:11:13'}, input_type=dict]\n    For further information visit https://errors.pydantic.dev/2.6/v/missing\nid_object\n  Field required [type=missing, input_value={'numberlist': 1, 'otherf...: '2023-08-20 13:11:13'}, input_type=dict]\n    For further information visit https://errors.pydantic.dev/2.6/v/missing\nid_cat\n  Field required [type=missing, input_value={'numberlist': 1, 'otherf...: '2023-08-20 13:11:13'}, input_type=dict]\n    For further information visit https://errors.pydantic.dev/2.6/v/missing\nid_med\n  Field required [type=missing, input_value={'numberlist': 1, 'otherf...: '2023-08-20 13:11:13'}, input_type=dict]\n    For further information visit https://errors.pydantic.dev/2.6/v/missing", "timestamp": "22-02-2024|11:16:18|220662Z", "level": "WARNING", "module": "tasks", "message": "\u041a\u0430\u043a \u0442\u043e \u043e\u0442\u043f\u0440\u0430\u0432\u0438\u0442\u044c \u043f\u043e\u043b\u0443\u0447\u0430\u0442\u0435\u043b\u044e, \u0447\u0442\u043e \u043d\u0438\u0447\u0435\u0433\u043e \u043d\u0435 \u0432\u044b\u0448\u043b\u043e"}
{"timestamp": "22-02-2024|11:17:48|803719Z", "level": "INFO", "module": "autoreload", "message": "C:\\Users\\RysukAO\\PycharmProjects\\intra\\intra_services\\loader\\tasks.py changed, reloading."}
{"timestamp": "22-02-2024|11:17:49|248764Z", "level": "INFO", "module": "autoreload", "message": "C:\\Users\\RysukAO\\PycharmProjects\\intra\\intra_services\\loader\\tasks.py changed, reloading."}
{"timestamp": "22-02-2024|11:17:52|916130Z", "level": "INFO", "module": "autoreload", "message": "Watching for file changes with StatReloader"}
{"timestamp": "22-02-2024|11:17:53|167155Z", "level": "INFO", "module": "autoreload", "message": "Watching for file changes with StatReloader"}
{"timestamp": "22-02-2024|11:17:56|106449Z", "level": "INFO", "module": "autoreload", "message": "Watching for file changes with StatReloader"}
{"exc_info": "Traceback (most recent call last):\n  File \"C:\\Users\\RysukAO\\PycharmProjects\\intra\\intra_services\\loader\\tasks.py\", line 15, in entry_to_db_task\n    entry_to_db(router_data, N=25, similar_batch_size=999)\n  File \"C:\\Users\\RysukAO\\PycharmProjects\\intra\\intra_services\\loader\\tools\\for_save_to_db.py\", line 74, in entry_to_db\n    items = next(generator)     # \u0438\u0442\u0435\u0440\u0430\u0446\u0438\u044f \u043f\u043e \u0433\u0435\u043d\u0435\u0440\u0430\u0442\u043e\u0440\u0443\n  File \"C:\\Users\\RysukAO\\PycharmProjects\\intra\\intra_services\\loader\\tools\\for_save_to_db.py\", line 42, in router\n    check_fields(model_fields, validator)\n  File \"C:\\Users\\RysukAO\\PycharmProjects\\intra\\intra_services\\loader\\tools\\for_save_to_db.py\", line 55, in check_fields\n    raise Exception(f'\u041d\u0435 \u0441\u043e\u043e\u0442\u0432\u0435\u0442\u0441\u0442\u0432\u0438\u0435 \u043c\u0435\u0436\u0434\u0443 \u0441\u0443\u0449\u0435\u0441\u0442\u0432\u0443\u044e\u0449\u0438\u043c\u0438 \u043f\u043e\u043b\u044f\u043c\u0438 \u043c\u043e\u0434\u0435\u043b\u0438 {model_fields} \u0438 \u043f\u043e\u043b\u044f\u043c\u0438 \u0435\u0433\u043e \u0432\u0430\u043b\u0438\u0434\u0430\u0442\u043e\u0440\u0430 {val_fields}')\nException: \u041d\u0435 \u0441\u043e\u043e\u0442\u0432\u0435\u0442\u0441\u0442\u0432\u0438\u0435 \u043c\u0435\u0436\u0434\u0443 \u0441\u0443\u0449\u0435\u0441\u0442\u0432\u0443\u044e\u0449\u0438\u043c\u0438 \u043f\u043e\u043b\u044f\u043c\u0438 \u043c\u043e\u0434\u0435\u043b\u0438 ['id', 'numberlist', 'id_fabrics', 'id_work', 'id_insta', 'id_contract', 'id_execut', 'id_object', 'id_cat', 'id_med', 'otherflange', 'rectanga', 'rectangb', 'id_press', 'id_presan', 'hydratestpress', 'workpress', 'opertemp', 'calcpress', 'calctemp', 'flan1', 'materialf1', 'dentdeff1', 'protectcover', 'protectcover1', 'defflan1', 'transdeff1', 'longdeff1', 'ulcercorf1', 'wearsurff1', 'violgeomf1', 'seasurff1', 'whyf', 'whyf1', 'flan2', 'materialf2', 'dentdeff2', 'defflan2', 'transdeff2', 'longdeff2', 'ulcercorf2', 'wearsurff2', 'violgeomf2', 'seasurff2', 'typesurf', 'typesurfANSI', 'diffdesig', 'diffdesig1', 'typegasket', 'gasket1', 'gasketoht', 'gasket2', 'gasket3', 'gasket4', 'gasket5', 'gasket6', 'gasket7', 'gasketdiam', 'gasketwidth', 'gasketthick', 'clampedpart', 'typefast', 'threadpitch', 'threadpitchansi', 'fastmater', 'fastener_vid_inst', 'fastinstdiam', 'fastinstdiamansi', 'fastinstlen', 'fastener_vid_need', 'fastneeddia', 'fastneeddiansi', 'fastneedlen', 'numberfast', 'fastreject', 'fastrepl', 'fastrecom', 'fastcondit', 'deffast1', 'deffast2', 'deffast3', 'deffast4', 'mnogo', 'inconsist1', 'inconsist2', 'inconsist3', 'inconsist4', 'inconsist5', 'inconsist6', 'inconsist7', 'inconsist8', 'inconsist9', 'inconsist10', 'typenut', 'lubricfast', 'tightshem1', 'tightshem2', 'lubricfast1', 'tighttorq', 'loosefast', 'remarkfast1', 'remfastdate1', 'remarkfast2', 'remfastdate2', 'coaxiality', 'coaxiality1', 'parallel', 'parallel1', 'tools', 'succgidro', 'countgidro', 'dategidro', 'commgidro', 'tag1', 'tag2', 'usesiz', 'workingtool', 'generalquest', 'reactremark', 'mechanic', 'datemech', 'supervisor', 'datesuper', 'commcheck1', 'commcheck', 'sxemafile', 'edit', 'created'] \u0438 \u043f\u043e\u043b\u044f\u043c\u0438 \u0435\u0433\u043e \u0432\u0430\u043b\u0438\u0434\u0430\u0442\u043e\u0440\u0430 ['numberlist', 'id_fabrics', 'id_work', 'id_insta', 'id_contract', 'id_execut', 'id_object', 'id_cat', 'id_med']", "timestamp": "22-02-2024|11:18:01|462523Z", "level": "WARNING", "module": "tasks", "message": "\u041a\u0430\u043a \u0442\u043e \u043e\u0442\u043f\u0440\u0430\u0432\u0438\u0442\u044c \u043f\u043e\u043b\u0443\u0447\u0430\u0442\u0435\u043b\u044e, \u0447\u0442\u043e \u043d\u0438\u0447\u0435\u0433\u043e \u043d\u0435 \u0432\u044b\u0448\u043b\u043e"}
{"timestamp": "22-02-2024|11:21:48|196523Z", "level": "INFO", "module": "autoreload", "message": "C:\\Users\\RysukAO\\PycharmProjects\\intra\\intra_services\\loader\\tools\\for_save_to_db.py changed, reloading."}
{"timestamp": "22-02-2024|11:21:48|727523Z", "level": "INFO", "module": "autoreload", "message": "C:\\Users\\RysukAO\\PycharmProjects\\intra\\intra_services\\loader\\tools\\for_save_to_db.py changed, reloading."}
{"timestamp": "22-02-2024|11:21:50|002523Z", "level": "INFO", "module": "autoreload", "message": "C:\\Users\\RysukAO\\PycharmProjects\\intra\\intra_services\\loader\\tools\\for_save_to_db.py changed, reloading."}
{"timestamp": "22-02-2024|11:21:52|855523Z", "level": "INFO", "module": "autoreload", "message": "Watching for file changes with StatReloader"}
{"timestamp": "22-02-2024|11:21:52|863523Z", "level": "INFO", "module": "autoreload", "message": "Watching for file changes with StatReloader"}
{"timestamp": "22-02-2024|11:21:56|958523Z", "level": "INFO", "module": "autoreload", "message": "Watching for file changes with StatReloader"}
{"timestamp": "22-02-2024|11:22:48|528523Z", "level": "INFO", "module": "autoreload", "message": "C:\\Users\\RysukAO\\PycharmProjects\\intra\\intra_services\\loader\\tools\\for_save_to_db.py changed, reloading."}
{"timestamp": "22-02-2024|11:22:49|689523Z", "level": "INFO", "module": "autoreload", "message": "C:\\Users\\RysukAO\\PycharmProjects\\intra\\intra_services\\loader\\tools\\for_save_to_db.py changed, reloading."}
{"timestamp": "22-02-2024|11:22:52|268523Z", "level": "INFO", "module": "autoreload", "message": "Watching for file changes with StatReloader"}
{"timestamp": "22-02-2024|11:22:52|531523Z", "level": "INFO", "module": "autoreload", "message": "Watching for file changes with StatReloader"}
{"timestamp": "22-02-2024|11:25:49|410523Z", "level": "INFO", "module": "autoreload", "message": "C:\\Users\\RysukAO\\PycharmProjects\\intra\\intra_services\\loader\\tools\\for_save_to_db.py changed, reloading."}
{"timestamp": "22-02-2024|11:25:50|091523Z", "level": "INFO", "module": "autoreload", "message": "C:\\Users\\RysukAO\\PycharmProjects\\intra\\intra_services\\loader\\tools\\for_save_to_db.py changed, reloading."}
{"timestamp": "22-02-2024|11:25:52|633523Z", "level": "INFO", "module": "autoreload", "message": "Watching for file changes with StatReloader"}
{"timestamp": "22-02-2024|11:25:53|370523Z", "level": "INFO", "module": "autoreload", "message": "Watching for file changes with StatReloader"}
{"timestamp": "22-02-2024|12:02:44|575288Z", "level": "INFO", "module": "autoreload", "message": "Watching for file changes with StatReloader"}
{"exc_info": "Traceback (most recent call last):\n  File \"C:\\Users\\RysukAO\\PycharmProjects\\intra\\intra_services\\loader\\tasks.py\", line 15, in entry_to_db_task\n    entry_to_db(router_data, N=25, similar_batch_size=999)\n  File \"C:\\Users\\RysukAO\\PycharmProjects\\intra\\intra_services\\loader\\tools\\for_save_to_db.py\", line 82, in entry_to_db\n    items = next(generator)     # \u0438\u0442\u0435\u0440\u0430\u0446\u0438\u044f \u043f\u043e \u0433\u0435\u043d\u0435\u0440\u0430\u0442\u043e\u0440\u0443\n  File \"C:\\Users\\RysukAO\\PycharmProjects\\intra\\intra_services\\loader\\tools\\for_save_to_db.py\", line 44, in router\n    check_fields(model_fields, validator)\n  File \"C:\\Users\\RysukAO\\PycharmProjects\\intra\\intra_services\\loader\\tools\\for_save_to_db.py\", line 63, in check_fields\n    raise Exception(f'\u041d\u0435 \u0441\u043e\u043e\u0442\u0432\u0435\u0442\u0441\u0442\u0432\u0438\u0435 \u043c\u0435\u0436\u0434\u0443 \u0441\u0443\u0449\u0435\u0441\u0442\u0432\u0443\u044e\u0449\u0438\u043c\u0438 \u043f\u043e\u043b\u044f\u043c\u0438 \u043c\u043e\u0434\u0435\u043b\u0438 {mod_fields} \u0438 \u043f\u043e\u043b\u044f\u043c\u0438 \u0435\u0433\u043e \u0432\u0430\u043b\u0438\u0434\u0430\u0442\u043e\u0440\u0430 {val_fields}')\nException: \u041d\u0435 \u0441\u043e\u043e\u0442\u0432\u0435\u0442\u0441\u0442\u0432\u0438\u0435 \u043c\u0435\u0436\u0434\u0443 \u0441\u0443\u0449\u0435\u0441\u0442\u0432\u0443\u044e\u0449\u0438\u043c\u0438 \u043f\u043e\u043b\u044f\u043c\u0438 \u043c\u043e\u0434\u0435\u043b\u0438 ['numberlist', 'id_fabrics', 'id_work', 'id_insta', 'id_contract', 'id_execut', 'id_object', 'id_cat', 'id_med', 'otherflange', 'rectanga', 'rectangb', 'id_press', 'id_presan', 'hydratestpress', 'workpress', 'opertemp', 'calcpress', 'calctemp', 'flan1', 'materialf1', 'dentdeff1', 'protectcover', 'protectcover1', 'defflan1', 'transdeff1', 'longdeff1', 'ulcercorf1', 'wearsurff1', 'violgeomf1', 'seasurff1', 'whyf', 'whyf1', 'flan2', 'materialf2', 'dentdeff2', 'defflan2', 'transdeff2', 'longdeff2', 'ulcercorf2', 'wearsurff2', 'violgeomf2', 'seasurff2', 'typesurf', 'typesurfANSI', 'diffdesig', 'diffdesig1', 'typegasket', 'gasket1', 'gasketoht', 'gasket2', 'gasket3', 'gasket4', 'gasket5', 'gasket6', 'gasket7', 'gasketdiam', 'gasketwidth', 'gasketthick', 'clampedpart', 'typefast', 'threadpitch', 'threadpitchansi', 'fastmater', 'fastener_vid_inst', 'fastinstdiam', 'fastinstdiamansi', 'fastinstlen', 'fastener_vid_need', 'fastneeddia', 'fastneeddiansi', 'fastneedlen', 'numberfast', 'fastreject', 'fastrepl', 'fastrecom', 'fastcondit', 'deffast1', 'deffast2', 'deffast3', 'deffast4', 'mnogo', 'inconsist1', 'inconsist2', 'inconsist3', 'inconsist4', 'inconsist5', 'inconsist6', 'inconsist7', 'inconsist8', 'inconsist9', 'inconsist10', 'typenut', 'lubricfast', 'tightshem1', 'tightshem2', 'lubricfast1', 'tighttorq', 'loosefast', 'remarkfast1', 'remfastdate1', 'remarkfast2', 'remfastdate2', 'coaxiality', 'coaxiality1', 'parallel', 'parallel1', 'tools', 'succgidro', 'countgidro', 'dategidro', 'commgidro', 'tag1', 'tag2', 'usesiz', 'workingtool', 'generalquest', 'reactremark', 'mechanic', 'datemech', 'supervisor', 'datesuper', 'commcheck1', 'commcheck', 'sxemafile', 'edit', 'created'] \u0438 \u043f\u043e\u043b\u044f\u043c\u0438 \u0435\u0433\u043e \u0432\u0430\u043b\u0438\u0434\u0430\u0442\u043e\u0440\u0430 ['numberlist', 'id_fabrics', 'id_work', 'id_insta', 'id_contract', 'id_execut', 'id_object', 'id_cat', 'id_med']", "timestamp": "22-02-2024|12:02:56|052436Z", "level": "WARNING", "module": "tasks", "message": "\u041a\u0430\u043a \u0442\u043e \u043e\u0442\u043f\u0440\u0430\u0432\u0438\u0442\u044c \u043f\u043e\u043b\u0443\u0447\u0430\u0442\u0435\u043b\u044e, \u0447\u0442\u043e \u043d\u0438\u0447\u0435\u0433\u043e \u043d\u0435 \u0432\u044b\u0448\u043b\u043e"}
{"timestamp": "22-02-2024|12:03:31|742844Z", "level": "INFO", "module": "autoreload", "message": "Watching for file changes with StatReloader"}
{"timestamp": "22-02-2024|12:07:36|021663Z", "level": "INFO", "module": "autoreload", "message": "C:\\Users\\RysukAO\\PycharmProjects\\intra\\intra_services\\loader\\tools\\for_save_to_db.py changed, reloading."}
{"timestamp": "22-02-2024|12:07:39|297991Z", "level": "INFO", "module": "autoreload", "message": "Watching for file changes with StatReloader"}
{"timestamp": "22-02-2024|12:30:16|579706Z", "level": "INFO", "module": "autoreload", "message": "C:\\Users\\RysukAO\\PycharmProjects\\intra\\intra_services\\loader\\admin.py changed, reloading."}
{"timestamp": "22-02-2024|12:30:16|796727Z", "level": "INFO", "module": "autoreload", "message": "C:\\Users\\RysukAO\\PycharmProjects\\intra\\intra_services\\loader\\admin.py changed, reloading."}
{"timestamp": "22-02-2024|12:30:17|941842Z", "level": "INFO", "module": "autoreload", "message": "C:\\Users\\RysukAO\\PycharmProjects\\intra\\intra_services\\loader\\admin.py changed, reloading."}
{"timestamp": "22-02-2024|12:30:21|657213Z", "level": "INFO", "module": "autoreload", "message": "Watching for file changes with StatReloader"}
{"timestamp": "22-02-2024|12:30:21|944242Z", "level": "INFO", "module": "autoreload", "message": "Watching for file changes with StatReloader"}
{"timestamp": "22-02-2024|12:30:24|713519Z", "level": "INFO", "module": "autoreload", "message": "Watching for file changes with StatReloader"}
{"timestamp": "22-02-2024|12:40:31|792221Z", "level": "INFO", "module": "autoreload", "message": "C:\\Users\\RysukAO\\PycharmProjects\\intra\\intra_services\\loader\\admin.py changed, reloading."}
{"timestamp": "22-02-2024|12:40:33|068348Z", "level": "INFO", "module": "autoreload", "message": "C:\\Users\\RysukAO\\PycharmProjects\\intra\\intra_services\\loader\\admin.py changed, reloading."}
{"timestamp": "22-02-2024|12:40:35|470588Z", "level": "INFO", "module": "autoreload", "message": "Watching for file changes with StatReloader"}
{"timestamp": "22-02-2024|12:40:36|890730Z", "level": "INFO", "module": "autoreload", "message": "Watching for file changes with StatReloader"}
{"timestamp": "22-02-2024|12:40:38|339875Z", "level": "INFO", "module": "autoreload", "message": "Watching for file changes with StatReloader"}
{"timestamp": "22-02-2024|12:41:58|481889Z", "level": "INFO", "module": "autoreload", "message": "C:\\Users\\RysukAO\\PycharmProjects\\intra\\intra_services\\loader\\admin.py changed, reloading."}
{"timestamp": "22-02-2024|12:41:58|728913Z", "level": "INFO", "module": "autoreload", "message": "C:\\Users\\RysukAO\\PycharmProjects\\intra\\intra_services\\loader\\admin.py changed, reloading."}
{"timestamp": "22-02-2024|12:41:59|184959Z", "level": "INFO", "module": "autoreload", "message": "C:\\Users\\RysukAO\\PycharmProjects\\intra\\intra_services\\loader\\admin.py changed, reloading."}
{"timestamp": "22-02-2024|12:42:01|929233Z", "level": "INFO", "module": "autoreload", "message": "Watching for file changes with StatReloader"}
{"timestamp": "22-02-2024|12:42:02|273268Z", "level": "INFO", "module": "autoreload", "message": "Watching for file changes with StatReloader"}
{"timestamp": "22-02-2024|12:42:02|310272Z", "level": "INFO", "module": "autoreload", "message": "Watching for file changes with StatReloader"}
{"timestamp": "22-02-2024|12:42:18|754916Z", "level": "INFO", "module": "autoreload", "message": "C:\\Users\\RysukAO\\PycharmProjects\\intra\\intra_services\\loader\\admin.py changed, reloading."}
{"timestamp": "22-02-2024|12:42:19|378978Z", "level": "INFO", "module": "autoreload", "message": "C:\\Users\\RysukAO\\PycharmProjects\\intra\\intra_services\\loader\\admin.py changed, reloading."}
{"timestamp": "22-02-2024|12:42:19|431984Z", "level": "INFO", "module": "autoreload", "message": "C:\\Users\\RysukAO\\PycharmProjects\\intra\\intra_services\\loader\\admin.py changed, reloading."}
{"timestamp": "22-02-2024|12:42:22|548295Z", "level": "INFO", "module": "autoreload", "message": "Watching for file changes with StatReloader"}
{"timestamp": "22-02-2024|12:42:23|215362Z", "level": "INFO", "module": "autoreload", "message": "Watching for file changes with StatReloader"}
{"timestamp": "22-02-2024|12:42:23|236364Z", "level": "INFO", "module": "autoreload", "message": "Watching for file changes with StatReloader"}
{"timestamp": "22-02-2024|12:43:03|279368Z", "level": "INFO", "module": "autoreload", "message": "C:\\Users\\RysukAO\\PycharmProjects\\intra\\intra_services\\loader\\admin.py changed, reloading."}
{"timestamp": "22-02-2024|12:43:04|227463Z", "level": "INFO", "module": "autoreload", "message": "C:\\Users\\RysukAO\\PycharmProjects\\intra\\intra_services\\loader\\admin.py changed, reloading."}
{"timestamp": "22-02-2024|12:43:04|371477Z", "level": "INFO", "module": "autoreload", "message": "C:\\Users\\RysukAO\\PycharmProjects\\intra\\intra_services\\loader\\admin.py changed, reloading."}
{"timestamp": "22-02-2024|12:43:06|925732Z", "level": "INFO", "module": "autoreload", "message": "Watching for file changes with StatReloader"}
{"timestamp": "22-02-2024|12:43:07|762816Z", "level": "INFO", "module": "autoreload", "message": "Watching for file changes with StatReloader"}
{"timestamp": "22-02-2024|12:43:07|764816Z", "level": "INFO", "module": "autoreload", "message": "Watching for file changes with StatReloader"}
{"timestamp": "22-02-2024|12:45:18|053421Z", "level": "INFO", "module": "autoreload", "message": "C:\\Users\\RysukAO\\PycharmProjects\\intra\\intra_services\\loader\\admin.py changed, reloading."}
{"timestamp": "22-02-2024|12:45:18|247440Z", "level": "INFO", "module": "autoreload", "message": "C:\\Users\\RysukAO\\PycharmProjects\\intra\\intra_services\\loader\\admin.py changed, reloading."}
{"timestamp": "22-02-2024|12:45:18|366452Z", "level": "INFO", "module": "autoreload", "message": "C:\\Users\\RysukAO\\PycharmProjects\\intra\\intra_services\\loader\\admin.py changed, reloading."}
{"timestamp": "22-02-2024|12:45:21|666782Z", "level": "INFO", "module": "autoreload", "message": "Watching for file changes with StatReloader"}
{"timestamp": "22-02-2024|12:45:21|667782Z", "level": "INFO", "module": "autoreload", "message": "Watching for file changes with StatReloader"}
{"timestamp": "22-02-2024|12:45:21|727788Z", "level": "INFO", "module": "autoreload", "message": "Watching for file changes with StatReloader"}
{"timestamp": "22-02-2024|12:45:33|135929Z", "level": "INFO", "module": "autoreload", "message": "C:\\Users\\RysukAO\\PycharmProjects\\intra\\intra_services\\loader\\admin.py changed, reloading."}
{"timestamp": "22-02-2024|12:45:33|994014Z", "level": "INFO", "module": "autoreload", "message": "C:\\Users\\RysukAO\\PycharmProjects\\intra\\intra_services\\loader\\admin.py changed, reloading."}
{"timestamp": "22-02-2024|12:45:34|016017Z", "level": "INFO", "module": "autoreload", "message": "C:\\Users\\RysukAO\\PycharmProjects\\intra\\intra_services\\loader\\admin.py changed, reloading."}
{"timestamp": "22-02-2024|12:45:36|557271Z", "level": "INFO", "module": "autoreload", "message": "Watching for file changes with StatReloader"}
{"timestamp": "22-02-2024|12:45:37|630378Z", "level": "INFO", "module": "autoreload", "message": "Watching for file changes with StatReloader"}
{"timestamp": "22-02-2024|12:45:37|642379Z", "level": "INFO", "module": "autoreload", "message": "Watching for file changes with StatReloader"}
{"timestamp": "22-02-2024|12:47:03|965011Z", "level": "INFO", "module": "autoreload", "message": "C:\\Users\\RysukAO\\PycharmProjects\\intra\\intra_services\\loader\\admin.py changed, reloading."}
{"timestamp": "22-02-2024|12:47:03|986013Z", "level": "INFO", "module": "autoreload", "message": "C:\\Users\\RysukAO\\PycharmProjects\\intra\\intra_services\\loader\\admin.py changed, reloading."}
{"timestamp": "22-02-2024|12:47:04|419056Z", "level": "INFO", "module": "autoreload", "message": "C:\\Users\\RysukAO\\PycharmProjects\\intra\\intra_services\\loader\\admin.py changed, reloading."}
{"timestamp": "22-02-2024|12:47:07|089323Z", "level": "INFO", "module": "autoreload", "message": "Watching for file changes with StatReloader"}
{"timestamp": "22-02-2024|12:47:07|093323Z", "level": "INFO", "module": "autoreload", "message": "Watching for file changes with StatReloader"}
{"timestamp": "22-02-2024|12:47:07|101324Z", "level": "INFO", "module": "autoreload", "message": "Watching for file changes with StatReloader"}
{"timestamp": "22-02-2024|12:47:53|709985Z", "level": "INFO", "module": "autoreload", "message": "C:\\Users\\RysukAO\\PycharmProjects\\intra\\intra_services\\loader\\admin.py changed, reloading."}
{"timestamp": "22-02-2024|12:47:54|164030Z", "level": "INFO", "module": "autoreload", "message": "C:\\Users\\RysukAO\\PycharmProjects\\intra\\intra_services\\loader\\admin.py changed, reloading."}
{"timestamp": "22-02-2024|12:47:54|375051Z", "level": "INFO", "module": "autoreload", "message": "C:\\Users\\RysukAO\\PycharmProjects\\intra\\intra_services\\loader\\admin.py changed, reloading."}
{"timestamp": "22-02-2024|12:47:57|404354Z", "level": "INFO", "module": "autoreload", "message": "Watching for file changes with StatReloader"}
{"timestamp": "22-02-2024|12:47:57|553369Z", "level": "INFO", "module": "autoreload", "message": "Watching for file changes with StatReloader"}
{"timestamp": "22-02-2024|12:47:57|584372Z", "level": "INFO", "module": "autoreload", "message": "Watching for file changes with StatReloader"}
{"timestamp": "22-02-2024|12:49:34|226035Z", "level": "INFO", "module": "autoreload", "message": "C:\\Users\\RysukAO\\PycharmProjects\\intra\\intra_services\\loader\\admin.py changed, reloading."}
{"timestamp": "22-02-2024|12:49:34|378050Z", "level": "INFO", "module": "autoreload", "message": "C:\\Users\\RysukAO\\PycharmProjects\\intra\\intra_services\\loader\\admin.py changed, reloading."}
{"timestamp": "22-02-2024|12:49:34|645077Z", "level": "INFO", "module": "autoreload", "message": "C:\\Users\\RysukAO\\PycharmProjects\\intra\\intra_services\\loader\\admin.py changed, reloading."}
{"timestamp": "22-02-2024|12:49:37|822395Z", "level": "INFO", "module": "autoreload", "message": "Watching for file changes with StatReloader"}
{"timestamp": "22-02-2024|12:49:37|824395Z", "level": "INFO", "module": "autoreload", "message": "Watching for file changes with StatReloader"}
{"timestamp": "22-02-2024|12:49:37|824395Z", "level": "INFO", "module": "autoreload", "message": "Watching for file changes with StatReloader"}
{"timestamp": "22-02-2024|12:49:57|491362Z", "level": "INFO", "module": "autoreload", "message": "C:\\Users\\RysukAO\\PycharmProjects\\intra\\intra_services\\loader\\admin.py changed, reloading."}
{"timestamp": "22-02-2024|12:49:57|501363Z", "level": "INFO", "module": "autoreload", "message": "C:\\Users\\RysukAO\\PycharmProjects\\intra\\intra_services\\loader\\admin.py changed, reloading."}
{"timestamp": "22-02-2024|12:49:57|834396Z", "level": "INFO", "module": "autoreload", "message": "C:\\Users\\RysukAO\\PycharmProjects\\intra\\intra_services\\loader\\admin.py changed, reloading."}
{"timestamp": "22-02-2024|12:50:01|069719Z", "level": "INFO", "module": "autoreload", "message": "Watching for file changes with StatReloader"}
{"timestamp": "22-02-2024|12:50:01|069719Z", "level": "INFO", "module": "autoreload", "message": "Watching for file changes with StatReloader"}
{"timestamp": "22-02-2024|12:50:01|087721Z", "level": "INFO", "module": "autoreload", "message": "Watching for file changes with StatReloader"}
{"timestamp": "22-02-2024|12:50:10|838696Z", "level": "INFO", "module": "autoreload", "message": "C:\\Users\\RysukAO\\PycharmProjects\\intra\\intra_services\\loader\\admin.py changed, reloading."}
{"timestamp": "22-02-2024|12:50:10|940706Z", "level": "INFO", "module": "autoreload", "message": "C:\\Users\\RysukAO\\PycharmProjects\\intra\\intra_services\\loader\\admin.py changed, reloading."}
{"timestamp": "22-02-2024|12:50:11|019714Z", "level": "INFO", "module": "autoreload", "message": "C:\\Users\\RysukAO\\PycharmProjects\\intra\\intra_services\\loader\\admin.py changed, reloading."}
{"timestamp": "22-02-2024|12:50:14|494062Z", "level": "INFO", "module": "autoreload", "message": "Watching for file changes with StatReloader"}
{"timestamp": "22-02-2024|12:50:14|516064Z", "level": "INFO", "module": "autoreload", "message": "Watching for file changes with StatReloader"}
{"timestamp": "22-02-2024|12:50:14|540066Z", "level": "INFO", "module": "autoreload", "message": "Watching for file changes with StatReloader"}
{"timestamp": "22-02-2024|12:52:27|478753Z", "level": "INFO", "module": "autoreload", "message": "C:\\Users\\RysukAO\\PycharmProjects\\intra\\intra_services\\loader\\admin.py changed, reloading."}
{"timestamp": "22-02-2024|12:52:28|152820Z", "level": "INFO", "module": "autoreload", "message": "C:\\Users\\RysukAO\\PycharmProjects\\intra\\intra_services\\loader\\admin.py changed, reloading."}
{"timestamp": "22-02-2024|12:52:28|306836Z", "level": "INFO", "module": "autoreload", "message": "C:\\Users\\RysukAO\\PycharmProjects\\intra\\intra_services\\loader\\admin.py changed, reloading."}
{"timestamp": "22-02-2024|12:52:31|373142Z", "level": "INFO", "module": "autoreload", "message": "Watching for file changes with StatReloader"}
{"timestamp": "22-02-2024|12:52:31|396145Z", "level": "INFO", "module": "autoreload", "message": "Watching for file changes with StatReloader"}
{"timestamp": "22-02-2024|12:52:31|397145Z", "level": "INFO", "module": "autoreload", "message": "Watching for file changes with StatReloader"}
{"timestamp": "22-02-2024|12:55:09|920996Z", "level": "INFO", "module": "autoreload", "message": "C:\\Users\\RysukAO\\PycharmProjects\\intra\\intra_services\\loader\\admin.py changed, reloading."}
{"timestamp": "22-02-2024|12:55:10|945098Z", "level": "INFO", "module": "autoreload", "message": "C:\\Users\\RysukAO\\PycharmProjects\\intra\\intra_services\\loader\\admin.py changed, reloading."}
{"timestamp": "22-02-2024|12:55:11|117115Z", "level": "INFO", "module": "autoreload", "message": "C:\\Users\\RysukAO\\PycharmProjects\\intra\\intra_services\\loader\\admin.py changed, reloading."}
{"timestamp": "22-02-2024|12:55:13|553359Z", "level": "INFO", "module": "autoreload", "message": "Watching for file changes with StatReloader"}
{"timestamp": "22-02-2024|12:55:14|779481Z", "level": "INFO", "module": "autoreload", "message": "Watching for file changes with StatReloader"}
{"timestamp": "22-02-2024|12:55:14|843488Z", "level": "INFO", "module": "autoreload", "message": "Watching for file changes with StatReloader"}
{"timestamp": "22-02-2024|12:56:19|549958Z", "level": "INFO", "module": "autoreload", "message": "C:\\Users\\RysukAO\\PycharmProjects\\intra\\intra_services\\loader\\admin.py changed, reloading."}
{"timestamp": "22-02-2024|12:56:19|672970Z", "level": "INFO", "module": "autoreload", "message": "C:\\Users\\RysukAO\\PycharmProjects\\intra\\intra_services\\loader\\admin.py changed, reloading."}
{"timestamp": "22-02-2024|12:56:19|869990Z", "level": "INFO", "module": "autoreload", "message": "C:\\Users\\RysukAO\\PycharmProjects\\intra\\intra_services\\loader\\admin.py changed, reloading."}
{"timestamp": "22-02-2024|12:56:23|317334Z", "level": "INFO", "module": "autoreload", "message": "Watching for file changes with StatReloader"}
